# JRE version: OpenJDK Runtime Environment (8.0_112-b06) (build 1.8.0_112-release-b06)
# Java VM: OpenJDK 64-Bit Server VM (25.112-b06 mixed mode linux-amd64 compressed oops)
Heap:
 PSYoungGen      total 232960K, used 0K [0x00000000eab00000, 0x0000000100000000, 0x0000000100000000)
  eden space 116736K, 0% used [0x00000000eab00000,0x00000000eab00000,0x00000000f1d00000)
  from space 116224K, 0% used [0x00000000f8e80000,0x00000000f8e80000,0x0000000100000000)
  to   space 116224K, 0% used [0x00000000f1d00000,0x00000000f1d00000,0x00000000f8e80000)
 ParOldGen       total 274944K, used 168250K [0x00000000c0000000, 0x00000000d0c80000, 0x00000000eab00000)
  object space 274944K, 61% used [0x00000000c0000000,0x00000000ca44e898,0x00000000d0c80000)
 Metaspace       used 6475K, capacity 7216K, committed 7296K, reserved 1056768K
  class space    used 596K, capacity 616K, committed 640K, reserved 1048576K
GC Heap History (10 events):
Event: 11,379 GC heap after
Heap after GC invocations=10 (full 2):
 PSYoungGen      total 197120K, used 65005K [0x00000000eab00000, 0x0000000100000000, 0x0000000100000000)
  eden space 132096K, 0% used [0x00000000eab00000,0x00000000eab00000,0x00000000f2c00000)
  from space 65024K, 99% used [0x00000000fc080000,0x00000000ffffb770,0x0000000100000000)
  to   space 108544K, 0% used [0x00000000f2c00000,0x00000000f2c00000,0x00000000f9600000)
 ParOldGen       total 274944K, used 173234K [0x00000000c0000000, 0x00000000d0c80000, 0x00000000eab00000)
  object space 274944K, 63% used [0x00000000c0000000,0x00000000ca92c9c0,0x00000000d0c80000)
 Metaspace       used 6382K, capacity 7152K, committed 7296K, reserved 1056768K
  class space    used 594K, capacity 616K, committed 640K, reserved 1048576K
}
Event: 11,890 GC heap before
{Heap before GC invocations=11 (full 2):
 PSYoungGen      total 197120K, used 197101K [0x00000000eab00000, 0x0000000100000000, 0x0000000100000000)
  eden space 132096K, 100% used [0x00000000eab00000,0x00000000f2c00000,0x00000000f2c00000)
  from space 65024K, 99% used [0x00000000fc080000,0x00000000ffffb770,0x0000000100000000)
  to   space 108544K, 0% used [0x00000000f2c00000,0x00000000f2c00000,0x00000000f9600000)
 ParOldGen       total 274944K, used 173234K [0x00000000c0000000, 0x00000000d0c80000, 0x00000000eab00000)
  object space 274944K, 63% used [0x00000000c0000000,0x00000000ca92c9c0,0x00000000d0c80000)
 Metaspace       used 6446K, capacity 7216K, committed 7296K, reserved 1056768K
  class space    used 594K, capacity 616K, committed 640K, reserved 1048576K
Event: 11,953 GC heap after
Heap after GC invocations=11 (full 2):
 PSYoungGen      total 191488K, used 59011K [0x00000000eab00000, 0x0000000100000000, 0x0000000100000000)
  eden space 132096K, 0% used [0x00000000eab00000,0x00000000eab00000,0x00000000f2c00000)
  from space 59392K, 99% used [0x00000000f2c00000,0x00000000f65a0ff0,0x00000000f6600000)
  to   space 109056K, 0% used [0x00000000f9580000,0x00000000f9580000,0x0000000100000000)
 ParOldGen       total 274944K, used 173234K [0x00000000c0000000, 0x00000000d0c80000, 0x00000000eab00000)
  object space 274944K, 63% used [0x00000000c0000000,0x00000000ca92c9c0,0x00000000d0c80000)
 Metaspace       used 6446K, capacity 7216K, committed 7296K, reserved 1056768K
  class space    used 594K, capacity 616K, committed 640K, reserved 1048576K
}
Event: 12,995 GC heap before
{Heap before GC invocations=12 (full 2):
 PSYoungGen      total 191488K, used 191107K [0x00000000eab00000, 0x0000000100000000, 0x0000000100000000)
  eden space 132096K, 100% used [0x00000000eab00000,0x00000000f2c00000,0x00000000f2c00000)
  from space 59392K, 99% used [0x00000000f2c00000,0x00000000f65a0ff0,0x00000000f6600000)
  to   space 109056K, 0% used [0x00000000f9580000,0x00000000f9580000,0x0000000100000000)
 ParOldGen       total 274944K, used 173234K [0x00000000c0000000, 0x00000000d0c80000, 0x00000000eab00000)
  object space 274944K, 63% used [0x00000000c0000000,0x00000000ca92c9c0,0x00000000d0c80000)
 Metaspace       used 6467K, capacity 7216K, committed 7296K, reserved 1056768K
  class space    used 594K, capacity 616K, committed 640K, reserved 1048576K
Event: 13,074 GC heap after
Heap after GC invocations=12 (full 2):
 PSYoungGen      total 225792K, used 80977K [0x00000000eab00000, 0x0000000100000000, 0x0000000100000000)
  eden space 116736K, 0% used [0x00000000eab00000,0x00000000eab00000,0x00000000f1d00000)
  from space 109056K, 74% used [0x00000000f9580000,0x00000000fe4944c8,0x0000000100000000)
  to   space 116224K, 0% used [0x00000000f1d00000,0x00000000f1d00000,0x00000000f8e80000)
 ParOldGen       total 274944K, used 173234K [0x00000000c0000000, 0x00000000d0c80000, 0x00000000eab00000)
  object space 274944K, 63% used [0x00000000c0000000,0x00000000ca92c9c0,0x00000000d0c80000)
 Metaspace       used 6467K, capacity 7216K, committed 7296K, reserved 1056768K
  class space    used 594K, capacity 616K, committed 640K, reserved 1048576K
}
Event: 13,642 GC heap before
{Heap before GC invocations=13 (full 2):
 PSYoungGen      total 225792K, used 197713K [0x00000000eab00000, 0x0000000100000000, 0x0000000100000000)
  eden space 116736K, 100% used [0x00000000eab00000,0x00000000f1d00000,0x00000000f1d00000)
  from space 109056K, 74% used [0x00000000f9580000,0x00000000fe4944c8,0x0000000100000000)
  to   space 116224K, 0% used [0x00000000f1d00000,0x00000000f1d00000,0x00000000f8e80000)
 ParOldGen       total 274944K, used 173234K [0x00000000c0000000, 0x00000000d0c80000, 0x00000000eab00000)
  object space 274944K, 63% used [0x00000000c0000000,0x00000000ca92c9c0,0x00000000d0c80000)
 Metaspace       used 6475K, capacity 7216K, committed 7296K, reserved 1056768K
  class space    used 596K, capacity 616K, committed 640K, reserved 1048576K
Event: 13,787 GC heap after
Heap after GC invocations=13 (full 2):
 PSYoungGen      total 232960K, used 98433K [0x00000000eab00000, 0x0000000100000000, 0x0000000100000000)
  eden space 116736K, 0% used [0x00000000eab00000,0x00000000eab00000,0x00000000f1d00000)
  from space 116224K, 84% used [0x00000000f1d00000,0x00000000f7d20588,0x00000000f8e80000)
  to   space 116224K, 0% used [0x00000000f8e80000,0x00000000f8e80000,0x0000000100000000)
 ParOldGen       total 274944K, used 199643K [0x00000000c0000000, 0x00000000d0c80000, 0x00000000eab00000)
  object space 274944K, 72% used [0x00000000c0000000,0x00000000cc2f6f28,0x00000000d0c80000)
 Metaspace       used 6475K, capacity 7216K, committed 7296K, reserved 1056768K
  class space    used 596K, capacity 616K, committed 640K, reserved 1048576K
}
Event: 14,220 GC heap before
{Heap before GC invocations=14 (full 2):
 PSYoungGen      total 232960K, used 215169K [0x00000000eab00000, 0x0000000100000000, 0x0000000100000000)
  eden space 116736K, 100% used [0x00000000eab00000,0x00000000f1d00000,0x00000000f1d00000)
  from space 116224K, 84% used [0x00000000f1d00000,0x00000000f7d20588,0x00000000f8e80000)
  to   space 116224K, 0% used [0x00000000f8e80000,0x00000000f8e80000,0x0000000100000000)
 ParOldGen       total 274944K, used 199643K [0x00000000c0000000, 0x00000000d0c80000, 0x00000000eab00000)
  object space 274944K, 72% used [0x00000000c0000000,0x00000000cc2f6f28,0x00000000d0c80000)
 Metaspace       used 6475K, capacity 7216K, committed 7296K, reserved 1056768K
  class space    used 596K, capacity 616K, committed 640K, reserved 1048576K
Event: 25,580 GC heap after
Heap after GC invocations=14 (full 2):
 PSYoungGen      total 232960K, used 54006K [0x00000000eab00000, 0x0000000100000000, 0x0000000100000000)
  eden space 116736K, 0% used [0x00000000eab00000,0x00000000eab00000,0x00000000f1d00000)
  from space 116224K, 46% used [0x00000000f8e80000,0x00000000fc33db08,0x0000000100000000)
  to   space 116224K, 0% used [0x00000000f1d00000,0x00000000f1d00000,0x00000000f8e80000)
 ParOldGen       total 274944K, used 253646K [0x00000000c0000000, 0x00000000d0c80000, 0x00000000eab00000)
  object space 274944K, 92% used [0x00000000c0000000,0x00000000cf7b3910,0x00000000d0c80000)
 Metaspace       used 6475K, capacity 7216K, committed 7296K, reserved 1056768K
  class space    used 596K, capacity 616K, committed 640K, reserved 1048576K
}
Event: 25,580 GC heap before
{Heap before GC invocations=15 (full 3):
 PSYoungGen      total 232960K, used 54006K [0x00000000eab00000, 0x0000000100000000, 0x0000000100000000)
  eden space 116736K, 0% used [0x00000000eab00000,0x00000000eab00000,0x00000000f1d00000)
  from space 116224K, 46% used [0x00000000f8e80000,0x00000000fc33db08,0x0000000100000000)
  to   space 116224K, 0% used [0x00000000f1d00000,0x00000000f1d00000,0x00000000f8e80000)
 ParOldGen       total 274944K, used 253646K [0x00000000c0000000, 0x00000000d0c80000, 0x00000000eab00000)
  object space 274944K, 92% used [0x00000000c0000000,0x00000000cf7b3910,0x00000000d0c80000)
 Metaspace       used 6475K, capacity 7216K, committed 7296K, reserved 1056768K
  class space    used 596K, capacity 616K, committed 640K, reserved 1048576K

