# JRE version: OpenJDK Runtime Environment (8.0_112-b06) (build 1.8.0_112-release-b06)
# Java VM: OpenJDK 64-Bit Server VM (25.112-b06 mixed mode linux-amd64 compressed oops)
Heap:
 PSYoungGen      total 210944K, used 39290K [0x00000000eab00000, 0x0000000100000000, 0x0000000100000000)
  eden space 157696K, 0% used [0x00000000eab00000,0x00000000eab00000,0x00000000f4500000)
  from space 53248K, 73% used [0x00000000fcc00000,0x00000000ff25e8b8,0x0000000100000000)
  to   space 95744K, 0% used [0x00000000f4500000,0x00000000f4500000,0x00000000fa280000)
 ParOldGen       total 178688K, used 178189K [0x00000000c0000000, 0x00000000cae80000, 0x00000000eab00000)
  object space 178688K, 99% used [0x00000000c0000000,0x00000000cae03638,0x00000000cae80000)
 Metaspace       used 6459K, capacity 7216K, committed 7296K, reserved 1056768K
  class space    used 594K, capacity 616K, committed 640K, reserved 1048576K
GC Heap History (10 events):
Event: 7,894 GC heap after
Heap after GC invocations=7 (full 0):
 PSYoungGen      total 145920K, used 17909K [0x00000000eab00000, 0x00000000fdf00000, 0x0000000100000000)
  eden space 128000K, 0% used [0x00000000eab00000,0x00000000eab00000,0x00000000f2800000)
  from space 17920K, 99% used [0x00000000f2800000,0x00000000f397d730,0x00000000f3980000)
  to   space 29696K, 0% used [0x00000000fc200000,0x00000000fc200000,0x00000000fdf00000)
 ParOldGen       total 86016K, used 41688K [0x00000000c0000000, 0x00000000c5400000, 0x00000000eab00000)
  object space 86016K, 48% used [0x00000000c0000000,0x00000000c28b62d8,0x00000000c5400000)
 Metaspace       used 6371K, capacity 7152K, committed 7296K, reserved 1056768K
  class space    used 591K, capacity 616K, committed 640K, reserved 1048576K
}
Event: 8,388 GC heap before
{Heap before GC invocations=8 (full 0):
 PSYoungGen      total 145920K, used 145909K [0x00000000eab00000, 0x00000000fdf00000, 0x0000000100000000)
  eden space 128000K, 100% used [0x00000000eab00000,0x00000000f2800000,0x00000000f2800000)
  from space 17920K, 99% used [0x00000000f2800000,0x00000000f397d730,0x00000000f3980000)
  to   space 29696K, 0% used [0x00000000fc200000,0x00000000fc200000,0x00000000fdf00000)
 ParOldGen       total 86016K, used 41688K [0x00000000c0000000, 0x00000000c5400000, 0x00000000eab00000)
  object space 86016K, 48% used [0x00000000c0000000,0x00000000c28b62d8,0x00000000c5400000)
 Metaspace       used 6381K, capacity 7152K, committed 7296K, reserved 1056768K
  class space    used 592K, capacity 616K, committed 640K, reserved 1048576K
Event: 8,424 GC heap after
Heap after GC invocations=8 (full 0):
 PSYoungGen      total 282112K, used 26838K [0x00000000eab00000, 0x00000000fe600000, 0x0000000100000000)
  eden space 252416K, 0% used [0x00000000eab00000,0x00000000eab00000,0x00000000fa180000)
  from space 29696K, 90% used [0x00000000fc200000,0x00000000fdc35b08,0x00000000fdf00000)
  to   space 33280K, 0% used [0x00000000fa180000,0x00000000fa180000,0x00000000fc200000)
 ParOldGen       total 86016K, used 43160K [0x00000000c0000000, 0x00000000c5400000, 0x00000000eab00000)
  object space 86016K, 50% used [0x00000000c0000000,0x00000000c2a260d0,0x00000000c5400000)
 Metaspace       used 6381K, capacity 7152K, committed 7296K, reserved 1056768K
  class space    used 592K, capacity 616K, committed 640K, reserved 1048576K
}
Event: 10,436 GC heap before
{Heap before GC invocations=9 (full 0):
 PSYoungGen      total 282112K, used 279254K [0x00000000eab00000, 0x00000000fe600000, 0x0000000100000000)
  eden space 252416K, 100% used [0x00000000eab00000,0x00000000fa180000,0x00000000fa180000)
  from space 29696K, 90% used [0x00000000fc200000,0x00000000fdc35b08,0x00000000fdf00000)
  to   space 33280K, 0% used [0x00000000fa180000,0x00000000fa180000,0x00000000fc200000)
 ParOldGen       total 86016K, used 43160K [0x00000000c0000000, 0x00000000c5400000, 0x00000000eab00000)
  object space 86016K, 50% used [0x00000000c0000000,0x00000000c2a260d0,0x00000000c5400000)
 Metaspace       used 6453K, capacity 7216K, committed 7296K, reserved 1056768K
  class space    used 592K, capacity 616K, committed 640K, reserved 1048576K
Event: 10,543 GC heap after
Heap after GC invocations=9 (full 0):
 PSYoungGen      total 285696K, used 33267K [0x00000000eab00000, 0x0000000100000000, 0x0000000100000000)
  eden space 252416K, 0% used [0x00000000eab00000,0x00000000eab00000,0x00000000fa180000)
  from space 33280K, 99% used [0x00000000fa180000,0x00000000fc1fcca8,0x00000000fc200000)
  to   space 53248K, 0% used [0x00000000fcc00000,0x00000000fcc00000,0x0000000100000000)
 ParOldGen       total 86016K, used 78951K [0x00000000c0000000, 0x00000000c5400000, 0x00000000eab00000)
  object space 86016K, 91% used [0x00000000c0000000,0x00000000c4d19f00,0x00000000c5400000)
 Metaspace       used 6453K, capacity 7216K, committed 7296K, reserved 1056768K
  class space    used 592K, capacity 616K, committed 640K, reserved 1048576K
}
Event: 10,543 GC heap before
{Heap before GC invocations=10 (full 1):
 PSYoungGen      total 285696K, used 33267K [0x00000000eab00000, 0x0000000100000000, 0x0000000100000000)
  eden space 252416K, 0% used [0x00000000eab00000,0x00000000eab00000,0x00000000fa180000)
  from space 33280K, 99% used [0x00000000fa180000,0x00000000fc1fcca8,0x00000000fc200000)
  to   space 53248K, 0% used [0x00000000fcc00000,0x00000000fcc00000,0x0000000100000000)
 ParOldGen       total 86016K, used 78951K [0x00000000c0000000, 0x00000000c5400000, 0x00000000eab00000)
  object space 86016K, 91% used [0x00000000c0000000,0x00000000c4d19f00,0x00000000c5400000)
 Metaspace       used 6453K, capacity 7216K, committed 7296K, reserved 1056768K
  class space    used 592K, capacity 616K, committed 640K, reserved 1048576K
Event: 11,145 GC heap after
Heap after GC invocations=10 (full 1):
 PSYoungGen      total 285696K, used 15326K [0x00000000eab00000, 0x0000000100000000, 0x0000000100000000)
  eden space 252416K, 0% used [0x00000000eab00000,0x00000000eab00000,0x00000000fa180000)
  from space 33280K, 46% used [0x00000000fa180000,0x00000000fb077810,0x00000000fc200000)
  to   space 53248K, 0% used [0x00000000fcc00000,0x00000000fcc00000,0x0000000100000000)
 ParOldGen       total 160768K, used 85902K [0x00000000c0000000, 0x00000000c9d00000, 0x00000000eab00000)
  object space 160768K, 53% used [0x00000000c0000000,0x00000000c53e3950,0x00000000c9d00000)
 Metaspace       used 6453K, capacity 7216K, committed 7296K, reserved 1056768K
  class space    used 592K, capacity 616K, committed 640K, reserved 1048576K
}
Event: 11,810 GC heap before
{Heap before GC invocations=11 (full 1):
 PSYoungGen      total 285696K, used 267742K [0x00000000eab00000, 0x0000000100000000, 0x0000000100000000)
  eden space 252416K, 100% used [0x00000000eab00000,0x00000000fa180000,0x00000000fa180000)
  from space 33280K, 46% used [0x00000000fa180000,0x00000000fb077810,0x00000000fc200000)
  to   space 53248K, 0% used [0x00000000fcc00000,0x00000000fcc00000,0x0000000100000000)
 ParOldGen       total 160768K, used 85902K [0x00000000c0000000, 0x00000000c9d00000, 0x00000000eab00000)
  object space 160768K, 53% used [0x00000000c0000000,0x00000000c53e3950,0x00000000c9d00000)
 Metaspace       used 6459K, capacity 7216K, committed 7296K, reserved 1056768K
  class space    used 594K, capacity 616K, committed 640K, reserved 1048576K
Event: 12,006 GC heap after
Heap after GC invocations=11 (full 1):
 PSYoungGen      total 210944K, used 53216K [0x00000000eab00000, 0x0000000100000000, 0x0000000100000000)
  eden space 157696K, 0% used [0x00000000eab00000,0x00000000eab00000,0x00000000f4500000)
  from space 53248K, 99% used [0x00000000fcc00000,0x00000000ffff81f0,0x0000000100000000)
  to   space 95744K, 0% used [0x00000000f4500000,0x00000000f4500000,0x00000000fa280000)
 ParOldGen       total 178688K, used 177467K [0x00000000c0000000, 0x00000000cae80000, 0x00000000eab00000)
  object space 178688K, 99% used [0x00000000c0000000,0x00000000cad4ed10,0x00000000cae80000)
 Metaspace       used 6459K, capacity 7216K, committed 7296K, reserved 1056768K
  class space    used 594K, capacity 616K, committed 640K, reserved 1048576K
}
Event: 12,014 GC heap before
{Heap before GC invocations=12 (full 2):
 PSYoungGen      total 210944K, used 53216K [0x00000000eab00000, 0x0000000100000000, 0x0000000100000000)
  eden space 157696K, 0% used [0x00000000eab00000,0x00000000eab00000,0x00000000f4500000)
  from space 53248K, 99% used [0x00000000fcc00000,0x00000000ffff81f0,0x0000000100000000)
  to   space 95744K, 0% used [0x00000000f4500000,0x00000000f4500000,0x00000000fa280000)
 ParOldGen       total 178688K, used 177467K [0x00000000c0000000, 0x00000000cae80000, 0x00000000eab00000)
  object space 178688K, 99% used [0x00000000c0000000,0x00000000cad4ed10,0x00000000cae80000)
 Metaspace       used 6459K, capacity 7216K, committed 7296K, reserved 1056768K
  class space    used 594K, capacity 616K, committed 640K, reserved 1048576K

