# JRE version: OpenJDK Runtime Environment (8.0_112-b06) (build 1.8.0_112-release-b06)
# Java VM: OpenJDK 64-Bit Server VM (25.112-b06 mixed mode linux-amd64 compressed oops)
Heap:
 PSYoungGen      total 284672K, used 20195K [0x00000000eab00000, 0x0000000100000000, 0x0000000100000000)
  eden space 234496K, 0% used [0x00000000eab00000,0x00000000eab00000,0x00000000f9000000)
  from space 50176K, 40% used [0x00000000f9000000,0x00000000fa3b8f00,0x00000000fc100000)
  to   space 64512K, 0% used [0x00000000fc100000,0x00000000fc100000,0x0000000100000000)
 ParOldGen       total 174080K, used 173870K [0x00000000c0000000, 0x00000000caa00000, 0x00000000eab00000)
  object space 174080K, 99% used [0x00000000c0000000,0x00000000ca9cba68,0x00000000caa00000)
 Metaspace       used 6400K, capacity 7216K, committed 7296K, reserved 1056768K
  class space    used 594K, capacity 616K, committed 640K, reserved 1048576K
GC Heap History (10 events):
Event: 4,845 GC heap after
Heap after GC invocations=4 (full 0):
 PSYoungGen      total 136192K, used 5103K [0x00000000eab00000, 0x00000000f3500000, 0x0000000100000000)
  eden space 131072K, 0% used [0x00000000eab00000,0x00000000eab00000,0x00000000f2b00000)
  from space 5120K, 99% used [0x00000000f3000000,0x00000000f34fbe50,0x00000000f3500000)
  to   space 5120K, 0% used [0x00000000f2b00000,0x00000000f2b00000,0x00000000f3000000)
 ParOldGen       total 86016K, used 21289K [0x00000000c0000000, 0x00000000c5400000, 0x00000000eab00000)
  object space 86016K, 24% used [0x00000000c0000000,0x00000000c14ca470,0x00000000c5400000)
 Metaspace       used 6216K, capacity 7088K, committed 7296K, reserved 1056768K
  class space    used 593K, capacity 616K, committed 640K, reserved 1048576K
}
Event: 6,235 GC heap before
{Heap before GC invocations=5 (full 0):
 PSYoungGen      total 136192K, used 136175K [0x00000000eab00000, 0x00000000f3500000, 0x0000000100000000)
  eden space 131072K, 100% used [0x00000000eab00000,0x00000000f2b00000,0x00000000f2b00000)
  from space 5120K, 99% used [0x00000000f3000000,0x00000000f34fbe50,0x00000000f3500000)
  to   space 5120K, 0% used [0x00000000f2b00000,0x00000000f2b00000,0x00000000f3000000)
 ParOldGen       total 86016K, used 21289K [0x00000000c0000000, 0x00000000c5400000, 0x00000000eab00000)
  object space 86016K, 24% used [0x00000000c0000000,0x00000000c14ca470,0x00000000c5400000)
 Metaspace       used 6347K, capacity 7152K, committed 7296K, reserved 1056768K
  class space    used 593K, capacity 616K, committed 640K, reserved 1048576K
Event: 6,365 GC heap after
Heap after GC invocations=5 (full 0):
 PSYoungGen      total 136192K, used 5117K [0x00000000eab00000, 0x00000000fd700000, 0x0000000100000000)
  eden space 131072K, 0% used [0x00000000eab00000,0x00000000eab00000,0x00000000f2b00000)
  from space 5120K, 99% used [0x00000000f2b00000,0x00000000f2fff578,0x00000000f3000000)
  to   space 22528K, 0% used [0x00000000fc100000,0x00000000fc100000,0x00000000fd700000)
 ParOldGen       total 86016K, used 35802K [0x00000000c0000000, 0x00000000c5400000, 0x00000000eab00000)
  object space 86016K, 41% used [0x00000000c0000000,0x00000000c22f69c8,0x00000000c5400000)
 Metaspace       used 6347K, capacity 7152K, committed 7296K, reserved 1056768K
  class space    used 593K, capacity 616K, committed 640K, reserved 1048576K
}
Event: 10,298 GC heap before
{Heap before GC invocations=6 (full 0):
 PSYoungGen      total 136192K, used 136189K [0x00000000eab00000, 0x00000000fd700000, 0x0000000100000000)
  eden space 131072K, 100% used [0x00000000eab00000,0x00000000f2b00000,0x00000000f2b00000)
  from space 5120K, 99% used [0x00000000f2b00000,0x00000000f2fff578,0x00000000f3000000)
  to   space 22528K, 0% used [0x00000000fc100000,0x00000000fc100000,0x00000000fd700000)
 ParOldGen       total 86016K, used 35802K [0x00000000c0000000, 0x00000000c5400000, 0x00000000eab00000)
  object space 86016K, 41% used [0x00000000c0000000,0x00000000c22f69c8,0x00000000c5400000)
 Metaspace       used 6390K, capacity 7152K, committed 7296K, reserved 1056768K
  class space    used 593K, capacity 616K, committed 640K, reserved 1048576K
Event: 10,440 GC heap after
Heap after GC invocations=6 (full 0):
 PSYoungGen      total 257024K, used 22504K [0x00000000eab00000, 0x0000000100000000, 0x0000000100000000)
  eden space 234496K, 0% used [0x00000000eab00000,0x00000000eab00000,0x00000000f9000000)
  from space 22528K, 99% used [0x00000000fc100000,0x00000000fd6fa260,0x00000000fd700000)
  to   space 50176K, 0% used [0x00000000f9000000,0x00000000f9000000,0x00000000fc100000)
 ParOldGen       total 86016K, used 77646K [0x00000000c0000000, 0x00000000c5400000, 0x00000000eab00000)
  object space 86016K, 90% used [0x00000000c0000000,0x00000000c4bd3a10,0x00000000c5400000)
 Metaspace       used 6390K, capacity 7152K, committed 7296K, reserved 1056768K
  class space    used 593K, capacity 616K, committed 640K, reserved 1048576K
}
Event: 10,440 GC heap before
{Heap before GC invocations=7 (full 1):
 PSYoungGen      total 257024K, used 22504K [0x00000000eab00000, 0x0000000100000000, 0x0000000100000000)
  eden space 234496K, 0% used [0x00000000eab00000,0x00000000eab00000,0x00000000f9000000)
  from space 22528K, 99% used [0x00000000fc100000,0x00000000fd6fa260,0x00000000fd700000)
  to   space 50176K, 0% used [0x00000000f9000000,0x00000000f9000000,0x00000000fc100000)
 ParOldGen       total 86016K, used 77646K [0x00000000c0000000, 0x00000000c5400000, 0x00000000eab00000)
  object space 86016K, 90% used [0x00000000c0000000,0x00000000c4bd3a10,0x00000000c5400000)
 Metaspace       used 6390K, capacity 7152K, committed 7296K, reserved 1056768K
  class space    used 593K, capacity 616K, committed 640K, reserved 1048576K
Event: 11,429 GC heap after
Heap after GC invocations=7 (full 1):
 PSYoungGen      total 257024K, used 9170K [0x00000000eab00000, 0x0000000100000000, 0x0000000100000000)
  eden space 234496K, 0% used [0x00000000eab00000,0x00000000eab00000,0x00000000f9000000)
  from space 22528K, 40% used [0x00000000fc100000,0x00000000fc9f4958,0x00000000fd700000)
  to   space 50176K, 0% used [0x00000000f9000000,0x00000000f9000000,0x00000000fc100000)
 ParOldGen       total 174080K, used 85501K [0x00000000c0000000, 0x00000000caa00000, 0x00000000eab00000)
  object space 174080K, 49% used [0x00000000c0000000,0x00000000c537f7c8,0x00000000caa00000)
 Metaspace       used 6390K, capacity 7152K, committed 7296K, reserved 1056768K
  class space    used 593K, capacity 616K, committed 640K, reserved 1048576K
}
Event: 12,076 GC heap before
{Heap before GC invocations=8 (full 1):
 PSYoungGen      total 257024K, used 243666K [0x00000000eab00000, 0x0000000100000000, 0x0000000100000000)
  eden space 234496K, 100% used [0x00000000eab00000,0x00000000f9000000,0x00000000f9000000)
  from space 22528K, 40% used [0x00000000fc100000,0x00000000fc9f4958,0x00000000fd700000)
  to   space 50176K, 0% used [0x00000000f9000000,0x00000000f9000000,0x00000000fc100000)
 ParOldGen       total 174080K, used 85501K [0x00000000c0000000, 0x00000000caa00000, 0x00000000eab00000)
  object space 174080K, 49% used [0x00000000c0000000,0x00000000c537f7c8,0x00000000caa00000)
 Metaspace       used 6400K, capacity 7216K, committed 7296K, reserved 1056768K
  class space    used 594K, capacity 616K, committed 640K, reserved 1048576K
Event: 12,686 GC heap after
Heap after GC invocations=8 (full 1):
 PSYoungGen      total 284672K, used 50166K [0x00000000eab00000, 0x0000000100000000, 0x0000000100000000)
  eden space 234496K, 0% used [0x00000000eab00000,0x00000000eab00000,0x00000000f9000000)
  from space 50176K, 99% used [0x00000000f9000000,0x00000000fc0fda00,0x00000000fc100000)
  to   space 64512K, 0% used [0x00000000fc100000,0x00000000fc100000,0x0000000100000000)
 ParOldGen       total 174080K, used 155206K [0x00000000c0000000, 0x00000000caa00000, 0x00000000eab00000)
  object space 174080K, 89% used [0x00000000c0000000,0x00000000c9791a88,0x00000000caa00000)
 Metaspace       used 6400K, capacity 7216K, committed 7296K, reserved 1056768K
  class space    used 594K, capacity 616K, committed 640K, reserved 1048576K
}
Event: 12,686 GC heap before
{Heap before GC invocations=9 (full 2):
 PSYoungGen      total 284672K, used 50166K [0x00000000eab00000, 0x0000000100000000, 0x0000000100000000)
  eden space 234496K, 0% used [0x00000000eab00000,0x00000000eab00000,0x00000000f9000000)
  from space 50176K, 99% used [0x00000000f9000000,0x00000000fc0fda00,0x00000000fc100000)
  to   space 64512K, 0% used [0x00000000fc100000,0x00000000fc100000,0x0000000100000000)
 ParOldGen       total 174080K, used 155206K [0x00000000c0000000, 0x00000000caa00000, 0x00000000eab00000)
  object space 174080K, 89% used [0x00000000c0000000,0x00000000c9791a88,0x00000000caa00000)
 Metaspace       used 6400K, capacity 7216K, committed 7296K, reserved 1056768K
  class space    used 594K, capacity 616K, committed 640K, reserved 1048576K

