# JRE version: OpenJDK Runtime Environment (8.0_112-b06) (build 1.8.0_112-release-b06)
# Java VM: OpenJDK 64-Bit Server VM (25.112-b06 mixed mode linux-amd64 compressed oops)
Heap:
 PSYoungGen      total 232960K, used 0K [0x00000000eab00000, 0x0000000100000000, 0x0000000100000000)
  eden space 116736K, 0% used [0x00000000eab00000,0x00000000eab00000,0x00000000f1d00000)
  from space 116224K, 0% used [0x00000000f8e80000,0x00000000f8e80000,0x0000000100000000)
  to   space 116224K, 0% used [0x00000000f1d00000,0x00000000f1d00000,0x00000000f8e80000)
 ParOldGen       total 274432K, used 149789K [0x00000000c0000000, 0x00000000d0c00000, 0x00000000eab00000)
  object space 274432K, 54% used [0x00000000c0000000,0x00000000c9247678,0x00000000d0c00000)
 Metaspace       used 6453K, capacity 7216K, committed 7296K, reserved 1056768K
  class space    used 594K, capacity 616K, committed 640K, reserved 1048576K
GC Heap History (10 events):
Event: 12,511 GC heap after
Heap after GC invocations=15 (full 3):
 PSYoungGen      total 225792K, used 30500K [0x00000000eab00000, 0x00000000ff200000, 0x0000000100000000)
  eden space 136192K, 0% used [0x00000000eab00000,0x00000000eab00000,0x00000000f3000000)
  from space 89600K, 34% used [0x00000000f9a80000,0x00000000fb849378,0x00000000ff200000)
  to   space 99328K, 0% used [0x00000000f3000000,0x00000000f3000000,0x00000000f9100000)
 ParOldGen       total 274432K, used 104327K [0x00000000c0000000, 0x00000000d0c00000, 0x00000000eab00000)
  object space 274432K, 38% used [0x00000000c0000000,0x00000000c65e1db0,0x00000000d0c00000)
 Metaspace       used 6444K, capacity 7216K, committed 7296K, reserved 1056768K
  class space    used 593K, capacity 616K, committed 640K, reserved 1048576K
}
Event: 13,250 GC heap before
{Heap before GC invocations=16 (full 3):
 PSYoungGen      total 225792K, used 166692K [0x00000000eab00000, 0x00000000ff200000, 0x0000000100000000)
  eden space 136192K, 100% used [0x00000000eab00000,0x00000000f3000000,0x00000000f3000000)
  from space 89600K, 34% used [0x00000000f9a80000,0x00000000fb849378,0x00000000ff200000)
  to   space 99328K, 0% used [0x00000000f3000000,0x00000000f3000000,0x00000000f9100000)
 ParOldGen       total 274432K, used 104327K [0x00000000c0000000, 0x00000000d0c00000, 0x00000000eab00000)
  object space 274432K, 38% used [0x00000000c0000000,0x00000000c65e1db0,0x00000000d0c00000)
 Metaspace       used 6447K, capacity 7216K, committed 7296K, reserved 1056768K
  class space    used 593K, capacity 616K, committed 640K, reserved 1048576K
Event: 13,294 GC heap after
Heap after GC invocations=16 (full 3):
 PSYoungGen      total 235520K, used 68367K [0x00000000eab00000, 0x0000000100000000, 0x0000000100000000)
  eden space 136192K, 0% used [0x00000000eab00000,0x00000000eab00000,0x00000000f3000000)
  from space 99328K, 68% used [0x00000000f3000000,0x00000000f72c3f58,0x00000000f9100000)
  to   space 103936K, 0% used [0x00000000f9a80000,0x00000000f9a80000,0x0000000100000000)
 ParOldGen       total 274432K, used 104327K [0x00000000c0000000, 0x00000000d0c00000, 0x00000000eab00000)
  object space 274432K, 38% used [0x00000000c0000000,0x00000000c65e1db0,0x00000000d0c00000)
 Metaspace       used 6447K, capacity 7216K, committed 7296K, reserved 1056768K
  class space    used 593K, capacity 616K, committed 640K, reserved 1048576K
}
Event: 13,554 GC heap before
{Heap before GC invocations=17 (full 3):
 PSYoungGen      total 235520K, used 204559K [0x00000000eab00000, 0x0000000100000000, 0x0000000100000000)
  eden space 136192K, 100% used [0x00000000eab00000,0x00000000f3000000,0x00000000f3000000)
  from space 99328K, 68% used [0x00000000f3000000,0x00000000f72c3f58,0x00000000f9100000)
  to   space 103936K, 0% used [0x00000000f9a80000,0x00000000f9a80000,0x0000000100000000)
 ParOldGen       total 274432K, used 104327K [0x00000000c0000000, 0x00000000d0c00000, 0x00000000eab00000)
  object space 274432K, 38% used [0x00000000c0000000,0x00000000c65e1db0,0x00000000d0c00000)
 Metaspace       used 6451K, capacity 7216K, committed 7296K, reserved 1056768K
  class space    used 594K, capacity 616K, committed 640K, reserved 1048576K
Event: 13,631 GC heap after
Heap after GC invocations=17 (full 3):
 PSYoungGen      total 220672K, used 101710K [0x00000000eab00000, 0x0000000100000000, 0x0000000100000000)
  eden space 116736K, 0% used [0x00000000eab00000,0x00000000eab00000,0x00000000f1d00000)
  from space 103936K, 97% used [0x00000000f9a80000,0x00000000ffdd3aa0,0x0000000100000000)
  to   space 116224K, 0% used [0x00000000f1d00000,0x00000000f1d00000,0x00000000f8e80000)
 ParOldGen       total 274432K, used 104327K [0x00000000c0000000, 0x00000000d0c00000, 0x00000000eab00000)
  object space 274432K, 38% used [0x00000000c0000000,0x00000000c65e1db0,0x00000000d0c00000)
 Metaspace       used 6451K, capacity 7216K, committed 7296K, reserved 1056768K
  class space    used 594K, capacity 616K, committed 640K, reserved 1048576K
}
Event: 13,775 GC heap before
{Heap before GC invocations=18 (full 3):
 PSYoungGen      total 220672K, used 218446K [0x00000000eab00000, 0x0000000100000000, 0x0000000100000000)
  eden space 116736K, 100% used [0x00000000eab00000,0x00000000f1d00000,0x00000000f1d00000)
  from space 103936K, 97% used [0x00000000f9a80000,0x00000000ffdd3aa0,0x0000000100000000)
  to   space 116224K, 0% used [0x00000000f1d00000,0x00000000f1d00000,0x00000000f8e80000)
 ParOldGen       total 274432K, used 104327K [0x00000000c0000000, 0x00000000d0c00000, 0x00000000eab00000)
  object space 274432K, 38% used [0x00000000c0000000,0x00000000c65e1db0,0x00000000d0c00000)
 Metaspace       used 6453K, capacity 7216K, committed 7296K, reserved 1056768K
  class space    used 594K, capacity 616K, committed 640K, reserved 1048576K
Event: 13,851 GC heap after
Heap after GC invocations=18 (full 3):
 PSYoungGen      total 232960K, used 116220K [0x00000000eab00000, 0x0000000100000000, 0x0000000100000000)
  eden space 116736K, 0% used [0x00000000eab00000,0x00000000eab00000,0x00000000f1d00000)
  from space 116224K, 99% used [0x00000000f1d00000,0x00000000f8e7f0a0,0x00000000f8e80000)
  to   space 116224K, 0% used [0x00000000f8e80000,0x00000000f8e80000,0x0000000100000000)
 ParOldGen       total 274432K, used 141037K [0x00000000c0000000, 0x00000000d0c00000, 0x00000000eab00000)
  object space 274432K, 51% used [0x00000000c0000000,0x00000000c89bb5c8,0x00000000d0c00000)
 Metaspace       used 6453K, capacity 7216K, committed 7296K, reserved 1056768K
  class space    used 594K, capacity 616K, committed 640K, reserved 1048576K
}
Event: 14,521 GC heap before
{Heap before GC invocations=19 (full 3):
 PSYoungGen      total 232960K, used 232956K [0x00000000eab00000, 0x0000000100000000, 0x0000000100000000)
  eden space 116736K, 100% used [0x00000000eab00000,0x00000000f1d00000,0x00000000f1d00000)
  from space 116224K, 99% used [0x00000000f1d00000,0x00000000f8e7f0a0,0x00000000f8e80000)
  to   space 116224K, 0% used [0x00000000f8e80000,0x00000000f8e80000,0x0000000100000000)
 ParOldGen       total 274432K, used 141037K [0x00000000c0000000, 0x00000000d0c00000, 0x00000000eab00000)
  object space 274432K, 51% used [0x00000000c0000000,0x00000000c89bb5c8,0x00000000d0c00000)
 Metaspace       used 6453K, capacity 7216K, committed 7296K, reserved 1056768K
  class space    used 594K, capacity 616K, committed 640K, reserved 1048576K
Event: 14,588 GC heap after
Heap after GC invocations=19 (full 3):
 PSYoungGen      total 232960K, used 32461K [0x00000000eab00000, 0x0000000100000000, 0x0000000100000000)
  eden space 116736K, 0% used [0x00000000eab00000,0x00000000eab00000,0x00000000f1d00000)
  from space 116224K, 27% used [0x00000000f8e80000,0x00000000fae337e0,0x0000000100000000)
  to   space 116224K, 0% used [0x00000000f1d00000,0x00000000f1d00000,0x00000000f8e80000)
 ParOldGen       total 274432K, used 213713K [0x00000000c0000000, 0x00000000d0c00000, 0x00000000eab00000)
  object space 274432K, 77% used [0x00000000c0000000,0x00000000cd0b4728,0x00000000d0c00000)
 Metaspace       used 6453K, capacity 7216K, committed 7296K, reserved 1056768K
  class space    used 594K, capacity 616K, committed 640K, reserved 1048576K
}
Event: 14,860 GC heap before
{Heap before GC invocations=20 (full 4):
 PSYoungGen      total 232960K, used 32461K [0x00000000eab00000, 0x0000000100000000, 0x0000000100000000)
  eden space 116736K, 0% used [0x00000000eab00000,0x00000000eab00000,0x00000000f1d00000)
  from space 116224K, 27% used [0x00000000f8e80000,0x00000000fae337e0,0x0000000100000000)
  to   space 116224K, 0% used [0x00000000f1d00000,0x00000000f1d00000,0x00000000f8e80000)
 ParOldGen       total 274432K, used 213713K [0x00000000c0000000, 0x00000000d0c00000, 0x00000000eab00000)
  object space 274432K, 77% used [0x00000000c0000000,0x00000000cd0b4728,0x00000000d0c00000)
 Metaspace       used 6453K, capacity 7216K, committed 7296K, reserved 1056768K
  class space    used 594K, capacity 616K, committed 640K, reserved 1048576K

