# JRE version: OpenJDK Runtime Environment (8.0_112-b06) (build 1.8.0_112-release-b06)
# Java VM: OpenJDK 64-Bit Server VM (25.112-b06 mixed mode linux-amd64 compressed oops)
Heap:
 PSYoungGen      total 232960K, used 0K [0x00000000eab00000, 0x0000000100000000, 0x0000000100000000)
  eden space 116736K, 0% used [0x00000000eab00000,0x00000000eab00000,0x00000000f1d00000)
  from space 116224K, 0% used [0x00000000f1d00000,0x00000000f1d00000,0x00000000f8e80000)
  to   space 116224K, 0% used [0x00000000f8e80000,0x00000000f8e80000,0x0000000100000000)
 ParOldGen       total 310784K, used 256998K [0x00000000c0000000, 0x00000000d2f80000, 0x00000000eab00000)
  object space 310784K, 82% used [0x00000000c0000000,0x00000000cfaf9b88,0x00000000d2f80000)
 Metaspace       used 6456K, capacity 7216K, committed 7296K, reserved 1056768K
  class space    used 594K, capacity 616K, committed 640K, reserved 1048576K
GC Heap History (10 events):
Event: 13,045 GC heap after
Heap after GC invocations=16 (full 3):
 PSYoungGen      total 230400K, used 0K [0x00000000eab00000, 0x0000000100000000, 0x0000000100000000)
  eden space 124928K, 0% used [0x00000000eab00000,0x00000000eab00000,0x00000000f2500000)
  from space 105472K, 0% used [0x00000000f2500000,0x00000000f2500000,0x00000000f8c00000)
  to   space 102400K, 0% used [0x00000000f9c00000,0x00000000f9c00000,0x0000000100000000)
 ParOldGen       total 310784K, used 162282K [0x00000000c0000000, 0x00000000d2f80000, 0x00000000eab00000)
  object space 310784K, 52% used [0x00000000c0000000,0x00000000c9e7a970,0x00000000d2f80000)
 Metaspace       used 6449K, capacity 7216K, committed 7296K, reserved 1056768K
  class space    used 593K, capacity 616K, committed 640K, reserved 1048576K
}
Event: 13,368 GC heap before
{Heap before GC invocations=17 (full 3):
 PSYoungGen      total 230400K, used 124928K [0x00000000eab00000, 0x0000000100000000, 0x0000000100000000)
  eden space 124928K, 100% used [0x00000000eab00000,0x00000000f2500000,0x00000000f2500000)
  from space 105472K, 0% used [0x00000000f2500000,0x00000000f2500000,0x00000000f8c00000)
  to   space 102400K, 0% used [0x00000000f9c00000,0x00000000f9c00000,0x0000000100000000)
 ParOldGen       total 310784K, used 162282K [0x00000000c0000000, 0x00000000d2f80000, 0x00000000eab00000)
  object space 310784K, 52% used [0x00000000c0000000,0x00000000c9e7a970,0x00000000d2f80000)
 Metaspace       used 6455K, capacity 7216K, committed 7296K, reserved 1056768K
  class space    used 594K, capacity 616K, committed 640K, reserved 1048576K
Event: 13,405 GC heap after
Heap after GC invocations=17 (full 3):
 PSYoungGen      total 237568K, used 53086K [0x00000000eab00000, 0x00000000ffa00000, 0x0000000100000000)
  eden space 141312K, 0% used [0x00000000eab00000,0x00000000eab00000,0x00000000f3500000)
  from space 96256K, 55% used [0x00000000f9c00000,0x00000000fcfd7b00,0x00000000ffa00000)
  to   space 100864K, 0% used [0x00000000f3500000,0x00000000f3500000,0x00000000f9780000)
 ParOldGen       total 310784K, used 162282K [0x00000000c0000000, 0x00000000d2f80000, 0x00000000eab00000)
  object space 310784K, 52% used [0x00000000c0000000,0x00000000c9e7a970,0x00000000d2f80000)
 Metaspace       used 6455K, capacity 7216K, committed 7296K, reserved 1056768K
  class space    used 594K, capacity 616K, committed 640K, reserved 1048576K
}
Event: 13,976 GC heap before
{Heap before GC invocations=18 (full 3):
 PSYoungGen      total 237568K, used 194398K [0x00000000eab00000, 0x00000000ffa00000, 0x0000000100000000)
  eden space 141312K, 100% used [0x00000000eab00000,0x00000000f3500000,0x00000000f3500000)
  from space 96256K, 55% used [0x00000000f9c00000,0x00000000fcfd7b00,0x00000000ffa00000)
  to   space 100864K, 0% used [0x00000000f3500000,0x00000000f3500000,0x00000000f9780000)
 ParOldGen       total 310784K, used 162282K [0x00000000c0000000, 0x00000000d2f80000, 0x00000000eab00000)
  object space 310784K, 52% used [0x00000000c0000000,0x00000000c9e7a970,0x00000000d2f80000)
 Metaspace       used 6455K, capacity 7216K, committed 7296K, reserved 1056768K
  class space    used 594K, capacity 616K, committed 640K, reserved 1048576K
Event: 14,036 GC heap after
Heap after GC invocations=18 (full 3):
 PSYoungGen      total 228352K, used 87019K [0x00000000eab00000, 0x0000000100000000, 0x0000000100000000)
  eden space 141312K, 0% used [0x00000000eab00000,0x00000000eab00000,0x00000000f3500000)
  from space 87040K, 99% used [0x00000000f3500000,0x00000000f89fafe8,0x00000000f8a00000)
  to   space 112128K, 0% used [0x00000000f9280000,0x00000000f9280000,0x0000000100000000)
 ParOldGen       total 310784K, used 162282K [0x00000000c0000000, 0x00000000d2f80000, 0x00000000eab00000)
  object space 310784K, 52% used [0x00000000c0000000,0x00000000c9e7a970,0x00000000d2f80000)
 Metaspace       used 6455K, capacity 7216K, committed 7296K, reserved 1056768K
  class space    used 594K, capacity 616K, committed 640K, reserved 1048576K
}
Event: 14,188 GC heap before
{Heap before GC invocations=19 (full 3):
 PSYoungGen      total 228352K, used 228331K [0x00000000eab00000, 0x0000000100000000, 0x0000000100000000)
  eden space 141312K, 100% used [0x00000000eab00000,0x00000000f3500000,0x00000000f3500000)
  from space 87040K, 99% used [0x00000000f3500000,0x00000000f89fafe8,0x00000000f8a00000)
  to   space 112128K, 0% used [0x00000000f9280000,0x00000000f9280000,0x0000000100000000)
 ParOldGen       total 310784K, used 162282K [0x00000000c0000000, 0x00000000d2f80000, 0x00000000eab00000)
  object space 310784K, 52% used [0x00000000c0000000,0x00000000c9e7a970,0x00000000d2f80000)
 Metaspace       used 6455K, capacity 7216K, committed 7296K, reserved 1056768K
  class space    used 594K, capacity 616K, committed 640K, reserved 1048576K
Event: 14,273 GC heap after
Heap after GC invocations=19 (full 3):
 PSYoungGen      total 228864K, used 112116K [0x00000000eab00000, 0x0000000100000000, 0x0000000100000000)
  eden space 116736K, 0% used [0x00000000eab00000,0x00000000eab00000,0x00000000f1d00000)
  from space 112128K, 99% used [0x00000000f9280000,0x00000000ffffd2a8,0x0000000100000000)
  to   space 116224K, 0% used [0x00000000f1d00000,0x00000000f1d00000,0x00000000f8e80000)
 ParOldGen       total 310784K, used 193668K [0x00000000c0000000, 0x00000000d2f80000, 0x00000000eab00000)
  object space 310784K, 62% used [0x00000000c0000000,0x00000000cbd210c8,0x00000000d2f80000)
 Metaspace       used 6455K, capacity 7216K, committed 7296K, reserved 1056768K
  class space    used 594K, capacity 616K, committed 640K, reserved 1048576K
}
Event: 14,481 GC heap before
{Heap before GC invocations=20 (full 3):
 PSYoungGen      total 228864K, used 228852K [0x00000000eab00000, 0x0000000100000000, 0x0000000100000000)
  eden space 116736K, 100% used [0x00000000eab00000,0x00000000f1d00000,0x00000000f1d00000)
  from space 112128K, 99% used [0x00000000f9280000,0x00000000ffffd2a8,0x0000000100000000)
  to   space 116224K, 0% used [0x00000000f1d00000,0x00000000f1d00000,0x00000000f8e80000)
 ParOldGen       total 310784K, used 193668K [0x00000000c0000000, 0x00000000d2f80000, 0x00000000eab00000)
  object space 310784K, 62% used [0x00000000c0000000,0x00000000cbd210c8,0x00000000d2f80000)
 Metaspace       used 6456K, capacity 7216K, committed 7296K, reserved 1056768K
  class space    used 594K, capacity 616K, committed 640K, reserved 1048576K
Event: 14,709 GC heap after
Heap after GC invocations=20 (full 3):
 PSYoungGen      total 232960K, used 94811K [0x00000000eab00000, 0x0000000100000000, 0x0000000100000000)
  eden space 116736K, 0% used [0x00000000eab00000,0x00000000eab00000,0x00000000f1d00000)
  from space 116224K, 81% used [0x00000000f1d00000,0x00000000f7996f60,0x00000000f8e80000)
  to   space 116224K, 0% used [0x00000000f8e80000,0x00000000f8e80000,0x0000000100000000)
 ParOldGen       total 310784K, used 257097K [0x00000000c0000000, 0x00000000d2f80000, 0x00000000eab00000)
  object space 310784K, 82% used [0x00000000c0000000,0x00000000cfb12568,0x00000000d2f80000)
 Metaspace       used 6456K, capacity 7216K, committed 7296K, reserved 1056768K
  class space    used 594K, capacity 616K, committed 640K, reserved 1048576K
}
Event: 14,709 GC heap before
{Heap before GC invocations=21 (full 4):
 PSYoungGen      total 232960K, used 94811K [0x00000000eab00000, 0x0000000100000000, 0x0000000100000000)
  eden space 116736K, 0% used [0x00000000eab00000,0x00000000eab00000,0x00000000f1d00000)
  from space 116224K, 81% used [0x00000000f1d00000,0x00000000f7996f60,0x00000000f8e80000)
  to   space 116224K, 0% used [0x00000000f8e80000,0x00000000f8e80000,0x0000000100000000)
 ParOldGen       total 310784K, used 257097K [0x00000000c0000000, 0x00000000d2f80000, 0x00000000eab00000)
  object space 310784K, 82% used [0x00000000c0000000,0x00000000cfb12568,0x00000000d2f80000)
 Metaspace       used 6456K, capacity 7216K, committed 7296K, reserved 1056768K
  class space    used 594K, capacity 616K, committed 640K, reserved 1048576K

