# JRE version: OpenJDK Runtime Environment (8.0_112-b06) (build 1.8.0_112-release-b06)
# Java VM: OpenJDK 64-Bit Server VM (25.112-b06 mixed mode linux-amd64 compressed oops)
Heap:
 PSYoungGen      total 181760K, used 9589K [0x00000000eab00000, 0x0000000100000000, 0x0000000100000000)
  eden space 123904K, 0% used [0x00000000eab00000,0x00000000eab00000,0x00000000f2400000)
  from space 57856K, 16% used [0x00000000fc780000,0x00000000fd0dd4a0,0x0000000100000000)
  to   space 112640K, 0% used [0x00000000f2400000,0x00000000f2400000,0x00000000f9200000)
 ParOldGen       total 182272K, used 182113K [0x00000000c0000000, 0x00000000cb200000, 0x00000000eab00000)
  object space 182272K, 99% used [0x00000000c0000000,0x00000000cb1d86b8,0x00000000cb200000)
 Metaspace       used 6443K, capacity 7216K, committed 7296K, reserved 1056768K
  class space    used 593K, capacity 616K, committed 640K, reserved 1048576K
GC Heap History (10 events):
Event: 5,330 GC heap after
Heap after GC invocations=5 (full 0):
 PSYoungGen      total 136192K, used 5103K [0x00000000eab00000, 0x00000000fe400000, 0x0000000100000000)
  eden space 131072K, 0% used [0x00000000eab00000,0x00000000eab00000,0x00000000f2b00000)
  from space 5120K, 99% used [0x00000000f2b00000,0x00000000f2ffbf00,0x00000000f3000000)
  to   space 29184K, 0% used [0x00000000fc780000,0x00000000fc780000,0x00000000fe400000)
 ParOldGen       total 86016K, used 46642K [0x00000000c0000000, 0x00000000c5400000, 0x00000000eab00000)
  object space 86016K, 54% used [0x00000000c0000000,0x00000000c2d8c888,0x00000000c5400000)
 Metaspace       used 6349K, capacity 7152K, committed 7296K, reserved 1056768K
  class space    used 592K, capacity 616K, committed 640K, reserved 1048576K
}
Event: 7,455 GC heap before
{Heap before GC invocations=6 (full 0):
 PSYoungGen      total 136192K, used 136175K [0x00000000eab00000, 0x00000000fe400000, 0x0000000100000000)
  eden space 131072K, 100% used [0x00000000eab00000,0x00000000f2b00000,0x00000000f2b00000)
  from space 5120K, 99% used [0x00000000f2b00000,0x00000000f2ffbf00,0x00000000f3000000)
  to   space 29184K, 0% used [0x00000000fc780000,0x00000000fc780000,0x00000000fe400000)
 ParOldGen       total 86016K, used 46642K [0x00000000c0000000, 0x00000000c5400000, 0x00000000eab00000)
  object space 86016K, 54% used [0x00000000c0000000,0x00000000c2d8c888,0x00000000c5400000)
 Metaspace       used 6378K, capacity 7216K, committed 7296K, reserved 1056768K
  class space    used 592K, capacity 616K, committed 640K, reserved 1048576K
Event: 7,555 GC heap after
Heap after GC invocations=6 (full 0):
 PSYoungGen      total 270848K, used 29182K [0x00000000eab00000, 0x0000000100000000, 0x0000000100000000)
  eden space 241664K, 0% used [0x00000000eab00000,0x00000000eab00000,0x00000000f9700000)
  from space 29184K, 99% used [0x00000000fc780000,0x00000000fe3ffbf8,0x00000000fe400000)
  to   space 49664K, 0% used [0x00000000f9700000,0x00000000f9700000,0x00000000fc780000)
 ParOldGen       total 86016K, used 72615K [0x00000000c0000000, 0x00000000c5400000, 0x00000000eab00000)
  object space 86016K, 84% used [0x00000000c0000000,0x00000000c46e9de8,0x00000000c5400000)
 Metaspace       used 6378K, capacity 7216K, committed 7296K, reserved 1056768K
  class space    used 592K, capacity 616K, committed 640K, reserved 1048576K
}
Event: 7,555 GC heap before
{Heap before GC invocations=7 (full 1):
 PSYoungGen      total 270848K, used 29182K [0x00000000eab00000, 0x0000000100000000, 0x0000000100000000)
  eden space 241664K, 0% used [0x00000000eab00000,0x00000000eab00000,0x00000000f9700000)
  from space 29184K, 99% used [0x00000000fc780000,0x00000000fe3ffbf8,0x00000000fe400000)
  to   space 49664K, 0% used [0x00000000f9700000,0x00000000f9700000,0x00000000fc780000)
 ParOldGen       total 86016K, used 72615K [0x00000000c0000000, 0x00000000c5400000, 0x00000000eab00000)
  object space 86016K, 84% used [0x00000000c0000000,0x00000000c46e9de8,0x00000000c5400000)
 Metaspace       used 6378K, capacity 7216K, committed 7296K, reserved 1056768K
  class space    used 592K, capacity 616K, committed 640K, reserved 1048576K
Event: 8,081 GC heap after
Heap after GC invocations=7 (full 1):
 PSYoungGen      total 270848K, used 0K [0x00000000eab00000, 0x0000000100000000, 0x0000000100000000)
  eden space 241664K, 0% used [0x00000000eab00000,0x00000000eab00000,0x00000000f9700000)
  from space 29184K, 0% used [0x00000000fc780000,0x00000000fc780000,0x00000000fe400000)
  to   space 49664K, 0% used [0x00000000f9700000,0x00000000f9700000,0x00000000fc780000)
 ParOldGen       total 165888K, used 84923K [0x00000000c0000000, 0x00000000ca200000, 0x00000000eab00000)
  object space 165888K, 51% used [0x00000000c0000000,0x00000000c52eeff8,0x00000000ca200000)
 Metaspace       used 6378K, capacity 7216K, committed 7296K, reserved 1056768K
  class space    used 592K, capacity 616K, committed 640K, reserved 1048576K
}
Event: 10,041 GC heap before
{Heap before GC invocations=8 (full 1):
 PSYoungGen      total 270848K, used 241664K [0x00000000eab00000, 0x0000000100000000, 0x0000000100000000)
  eden space 241664K, 100% used [0x00000000eab00000,0x00000000f9700000,0x00000000f9700000)
  from space 29184K, 0% used [0x00000000fc780000,0x00000000fc780000,0x00000000fe400000)
  to   space 49664K, 0% used [0x00000000f9700000,0x00000000f9700000,0x00000000fc780000)
 ParOldGen       total 165888K, used 84923K [0x00000000c0000000, 0x00000000ca200000, 0x00000000eab00000)
  object space 165888K, 51% used [0x00000000c0000000,0x00000000c52eeff8,0x00000000ca200000)
 Metaspace       used 6434K, capacity 7216K, committed 7296K, reserved 1056768K
  class space    used 593K, capacity 616K, committed 640K, reserved 1048576K
Event: 10,107 GC heap after
Heap after GC invocations=8 (full 1):
 PSYoungGen      total 291328K, used 49660K [0x00000000eab00000, 0x0000000100000000, 0x0000000100000000)
  eden space 241664K, 0% used [0x00000000eab00000,0x00000000eab00000,0x00000000f9700000)
  from space 49664K, 99% used [0x00000000f9700000,0x00000000fc77f390,0x00000000fc780000)
  to   space 57856K, 0% used [0x00000000fc780000,0x00000000fc780000,0x0000000100000000)
 ParOldGen       total 165888K, used 88591K [0x00000000c0000000, 0x00000000ca200000, 0x00000000eab00000)
  object space 165888K, 53% used [0x00000000c0000000,0x00000000c5683ee0,0x00000000ca200000)
 Metaspace       used 6434K, capacity 7216K, committed 7296K, reserved 1056768K
  class space    used 593K, capacity 616K, committed 640K, reserved 1048576K
}
Event: 10,634 GC heap before
{Heap before GC invocations=9 (full 1):
 PSYoungGen      total 291328K, used 291324K [0x00000000eab00000, 0x0000000100000000, 0x0000000100000000)
  eden space 241664K, 100% used [0x00000000eab00000,0x00000000f9700000,0x00000000f9700000)
  from space 49664K, 99% used [0x00000000f9700000,0x00000000fc77f390,0x00000000fc780000)
  to   space 57856K, 0% used [0x00000000fc780000,0x00000000fc780000,0x0000000100000000)
 ParOldGen       total 165888K, used 88591K [0x00000000c0000000, 0x00000000ca200000, 0x00000000eab00000)
  object space 165888K, 53% used [0x00000000c0000000,0x00000000c5683ee0,0x00000000ca200000)
 Metaspace       used 6443K, capacity 7216K, committed 7296K, reserved 1056768K
  class space    used 593K, capacity 616K, committed 640K, reserved 1048576K
Event: 10,772 GC heap after
Heap after GC invocations=9 (full 1):
 PSYoungGen      total 181760K, used 57844K [0x00000000eab00000, 0x0000000100000000, 0x0000000100000000)
  eden space 123904K, 0% used [0x00000000eab00000,0x00000000eab00000,0x00000000f2400000)
  from space 57856K, 99% used [0x00000000fc780000,0x00000000ffffd3a0,0x0000000100000000)
  to   space 112640K, 0% used [0x00000000f2400000,0x00000000f2400000,0x00000000f9200000)
 ParOldGen       total 182272K, used 182175K [0x00000000c0000000, 0x00000000cb200000, 0x00000000eab00000)
  object space 182272K, 99% used [0x00000000c0000000,0x00000000cb1e7ce0,0x00000000cb200000)
 Metaspace       used 6443K, capacity 7216K, committed 7296K, reserved 1056768K
  class space    used 593K, capacity 616K, committed 640K, reserved 1048576K
}
Event: 10,772 GC heap before
{Heap before GC invocations=10 (full 2):
 PSYoungGen      total 181760K, used 57844K [0x00000000eab00000, 0x0000000100000000, 0x0000000100000000)
  eden space 123904K, 0% used [0x00000000eab00000,0x00000000eab00000,0x00000000f2400000)
  from space 57856K, 99% used [0x00000000fc780000,0x00000000ffffd3a0,0x0000000100000000)
  to   space 112640K, 0% used [0x00000000f2400000,0x00000000f2400000,0x00000000f9200000)
 ParOldGen       total 182272K, used 182175K [0x00000000c0000000, 0x00000000cb200000, 0x00000000eab00000)
  object space 182272K, 99% used [0x00000000c0000000,0x00000000cb1e7ce0,0x00000000cb200000)
 Metaspace       used 6443K, capacity 7216K, committed 7296K, reserved 1056768K
  class space    used 593K, capacity 616K, committed 640K, reserved 1048576K

