# JRE version: OpenJDK Runtime Environment (8.0_112-b06) (build 1.8.0_112-release-b06)
# Java VM: OpenJDK 64-Bit Server VM (25.112-b06 mixed mode linux-amd64 compressed oops)
Heap:
 PSYoungGen      total 232960K, used 0K [0x00000000eab00000, 0x0000000100000000, 0x0000000100000000)
  eden space 116736K, 0% used [0x00000000eab00000,0x00000000eab00000,0x00000000f1d00000)
  from space 116224K, 0% used [0x00000000f1d00000,0x00000000f1d00000,0x00000000f8e80000)
  to   space 116224K, 0% used [0x00000000f8e80000,0x00000000f8e80000,0x0000000100000000)
 ParOldGen       total 284672K, used 243190K [0x00000000c0000000, 0x00000000d1600000, 0x00000000eab00000)
  object space 284672K, 85% used [0x00000000c0000000,0x00000000ced7d878,0x00000000d1600000)
 Metaspace       used 6450K, capacity 7216K, committed 7296K, reserved 1056768K
  class space    used 593K, capacity 616K, committed 640K, reserved 1048576K
GC Heap History (10 events):
Event: 12,368 GC heap after
Heap after GC invocations=14 (full 3):
 PSYoungGen      total 236544K, used 0K [0x00000000eab00000, 0x0000000100000000, 0x0000000100000000)
  eden space 123904K, 0% used [0x00000000eab00000,0x00000000eab00000,0x00000000f2400000)
  from space 112640K, 0% used [0x00000000f2400000,0x00000000f2400000,0x00000000f9200000)
  to   space 106496K, 0% used [0x00000000f9800000,0x00000000f9800000,0x0000000100000000)
 ParOldGen       total 284672K, used 111534K [0x00000000c0000000, 0x00000000d1600000, 0x00000000eab00000)
  object space 284672K, 39% used [0x00000000c0000000,0x00000000c6cebad0,0x00000000d1600000)
 Metaspace       used 6440K, capacity 7216K, committed 7296K, reserved 1056768K
  class space    used 593K, capacity 616K, committed 640K, reserved 1048576K
}
Event: 12,796 GC heap before
{Heap before GC invocations=15 (full 3):
 PSYoungGen      total 236544K, used 123904K [0x00000000eab00000, 0x0000000100000000, 0x0000000100000000)
  eden space 123904K, 100% used [0x00000000eab00000,0x00000000f2400000,0x00000000f2400000)
  from space 112640K, 0% used [0x00000000f2400000,0x00000000f2400000,0x00000000f9200000)
  to   space 106496K, 0% used [0x00000000f9800000,0x00000000f9800000,0x0000000100000000)
 ParOldGen       total 284672K, used 111534K [0x00000000c0000000, 0x00000000d1600000, 0x00000000eab00000)
  object space 284672K, 39% used [0x00000000c0000000,0x00000000c6cebad0,0x00000000d1600000)
 Metaspace       used 6444K, capacity 7216K, committed 7296K, reserved 1056768K
  class space    used 593K, capacity 616K, committed 640K, reserved 1048576K
Event: 12,824 GC heap after
Heap after GC invocations=15 (full 3):
 PSYoungGen      total 223232K, used 49193K [0x00000000eab00000, 0x00000000ff300000, 0x0000000100000000)
  eden space 130048K, 0% used [0x00000000eab00000,0x00000000eab00000,0x00000000f2a00000)
  from space 93184K, 52% used [0x00000000f9800000,0x00000000fc80a708,0x00000000ff300000)
  to   space 102912K, 0% used [0x00000000f2a00000,0x00000000f2a00000,0x00000000f8e80000)
 ParOldGen       total 284672K, used 111534K [0x00000000c0000000, 0x00000000d1600000, 0x00000000eab00000)
  object space 284672K, 39% used [0x00000000c0000000,0x00000000c6cebad0,0x00000000d1600000)
 Metaspace       used 6444K, capacity 7216K, committed 7296K, reserved 1056768K
  class space    used 593K, capacity 616K, committed 640K, reserved 1048576K
}
Event: 13,085 GC heap before
{Heap before GC invocations=16 (full 3):
 PSYoungGen      total 223232K, used 179241K [0x00000000eab00000, 0x00000000ff300000, 0x0000000100000000)
  eden space 130048K, 100% used [0x00000000eab00000,0x00000000f2a00000,0x00000000f2a00000)
  from space 93184K, 52% used [0x00000000f9800000,0x00000000fc80a708,0x00000000ff300000)
  to   space 102912K, 0% used [0x00000000f2a00000,0x00000000f2a00000,0x00000000f8e80000)
 ParOldGen       total 284672K, used 111534K [0x00000000c0000000, 0x00000000d1600000, 0x00000000eab00000)
  object space 284672K, 39% used [0x00000000c0000000,0x00000000c6cebad0,0x00000000d1600000)
 Metaspace       used 6448K, capacity 7216K, committed 7296K, reserved 1056768K
  class space    used 593K, capacity 616K, committed 640K, reserved 1048576K
Event: 13,141 GC heap after
Heap after GC invocations=16 (full 3):
 PSYoungGen      total 232960K, used 100680K [0x00000000eab00000, 0x0000000100000000, 0x0000000100000000)
  eden space 130048K, 0% used [0x00000000eab00000,0x00000000eab00000,0x00000000f2a00000)
  from space 102912K, 97% used [0x00000000f2a00000,0x00000000f8c52148,0x00000000f8e80000)
  to   space 116224K, 0% used [0x00000000f8e80000,0x00000000f8e80000,0x0000000100000000)
 ParOldGen       total 284672K, used 111542K [0x00000000c0000000, 0x00000000d1600000, 0x00000000eab00000)
  object space 284672K, 39% used [0x00000000c0000000,0x00000000c6cedad0,0x00000000d1600000)
 Metaspace       used 6448K, capacity 7216K, committed 7296K, reserved 1056768K
  class space    used 593K, capacity 616K, committed 640K, reserved 1048576K
}
Event: 13,237 GC heap before
{Heap before GC invocations=17 (full 3):
 PSYoungGen      total 232960K, used 230728K [0x00000000eab00000, 0x0000000100000000, 0x0000000100000000)
  eden space 130048K, 100% used [0x00000000eab00000,0x00000000f2a00000,0x00000000f2a00000)
  from space 102912K, 97% used [0x00000000f2a00000,0x00000000f8c52148,0x00000000f8e80000)
  to   space 116224K, 0% used [0x00000000f8e80000,0x00000000f8e80000,0x0000000100000000)
 ParOldGen       total 284672K, used 111542K [0x00000000c0000000, 0x00000000d1600000, 0x00000000eab00000)
  object space 284672K, 39% used [0x00000000c0000000,0x00000000c6cedad0,0x00000000d1600000)
 Metaspace       used 6448K, capacity 7216K, committed 7296K, reserved 1056768K
  class space    used 593K, capacity 616K, committed 640K, reserved 1048576K
Event: 13,326 GC heap after
Heap after GC invocations=17 (full 3):
 PSYoungGen      total 232960K, used 114856K [0x00000000eab00000, 0x0000000100000000, 0x0000000100000000)
  eden space 116736K, 0% used [0x00000000eab00000,0x00000000eab00000,0x00000000f1d00000)
  from space 116224K, 98% used [0x00000000f8e80000,0x00000000ffeaa018,0x0000000100000000)
  to   space 116224K, 0% used [0x00000000f1d00000,0x00000000f1d00000,0x00000000f8e80000)
 ParOldGen       total 284672K, used 158328K [0x00000000c0000000, 0x00000000d1600000, 0x00000000eab00000)
  object space 284672K, 55% used [0x00000000c0000000,0x00000000c9a9e2f8,0x00000000d1600000)
 Metaspace       used 6448K, capacity 7216K, committed 7296K, reserved 1056768K
  class space    used 593K, capacity 616K, committed 640K, reserved 1048576K
}
Event: 13,603 GC heap before
{Heap before GC invocations=18 (full 3):
 PSYoungGen      total 232960K, used 231592K [0x00000000eab00000, 0x0000000100000000, 0x0000000100000000)
  eden space 116736K, 100% used [0x00000000eab00000,0x00000000f1d00000,0x00000000f1d00000)
  from space 116224K, 98% used [0x00000000f8e80000,0x00000000ffeaa018,0x0000000100000000)
  to   space 116224K, 0% used [0x00000000f1d00000,0x00000000f1d00000,0x00000000f8e80000)
 ParOldGen       total 284672K, used 158328K [0x00000000c0000000, 0x00000000d1600000, 0x00000000eab00000)
  object space 284672K, 55% used [0x00000000c0000000,0x00000000c9a9e2f8,0x00000000d1600000)
 Metaspace       used 6450K, capacity 7216K, committed 7296K, reserved 1056768K
  class space    used 593K, capacity 616K, committed 640K, reserved 1048576K
Event: 13,687 GC heap after
Heap after GC invocations=18 (full 3):
 PSYoungGen      total 232960K, used 26112K [0x00000000eab00000, 0x0000000100000000, 0x0000000100000000)
  eden space 116736K, 0% used [0x00000000eab00000,0x00000000eab00000,0x00000000f1d00000)
  from space 116224K, 22% used [0x00000000f1d00000,0x00000000f36802c0,0x00000000f8e80000)
  to   space 116224K, 0% used [0x00000000f8e80000,0x00000000f8e80000,0x0000000100000000)
 ParOldGen       total 284672K, used 274956K [0x00000000c0000000, 0x00000000d1600000, 0x00000000eab00000)
  object space 284672K, 96% used [0x00000000c0000000,0x00000000d0c83258,0x00000000d1600000)
 Metaspace       used 6450K, capacity 7216K, committed 7296K, reserved 1056768K
  class space    used 593K, capacity 616K, committed 640K, reserved 1048576K
}
Event: 13,687 GC heap before
{Heap before GC invocations=19 (full 4):
 PSYoungGen      total 232960K, used 26112K [0x00000000eab00000, 0x0000000100000000, 0x0000000100000000)
  eden space 116736K, 0% used [0x00000000eab00000,0x00000000eab00000,0x00000000f1d00000)
  from space 116224K, 22% used [0x00000000f1d00000,0x00000000f36802c0,0x00000000f8e80000)
  to   space 116224K, 0% used [0x00000000f8e80000,0x00000000f8e80000,0x0000000100000000)
 ParOldGen       total 284672K, used 274956K [0x00000000c0000000, 0x00000000d1600000, 0x00000000eab00000)
  object space 284672K, 96% used [0x00000000c0000000,0x00000000d0c83258,0x00000000d1600000)
 Metaspace       used 6450K, capacity 7216K, committed 7296K, reserved 1056768K
  class space    used 593K, capacity 616K, committed 640K, reserved 1048576K

