# JRE version: OpenJDK Runtime Environment (8.0_112-b06) (build 1.8.0_112-release-b06)
# Java VM: OpenJDK 64-Bit Server VM (25.112-b06 mixed mode linux-amd64 compressed oops)
Heap:
 PSYoungGen      total 203264K, used 49068K [0x00000000eab00000, 0x0000000100000000, 0x0000000100000000)
  eden space 141312K, 0% used [0x00000000eab00000,0x00000000eab00000,0x00000000f3500000)
  from space 61952K, 79% used [0x00000000fc380000,0x00000000ff36b390,0x0000000100000000)
  to   space 103936K, 0% used [0x00000000f3500000,0x00000000f3500000,0x00000000f9a80000)
 ParOldGen       total 184320K, used 184137K [0x00000000c0000000, 0x00000000cb400000, 0x00000000eab00000)
  object space 184320K, 99% used [0x00000000c0000000,0x00000000cb3d26e0,0x00000000cb400000)
 Metaspace       used 6446K, capacity 7216K, committed 7296K, reserved 1056768K
  class space    used 592K, capacity 616K, committed 640K, reserved 1048576K
GC Heap History (10 events):
Event: 8,637 GC heap after
Heap after GC invocations=7 (full 0):
 PSYoungGen      total 146432K, used 18938K [0x00000000eab00000, 0x00000000fe100000, 0x0000000100000000)
  eden space 127488K, 0% used [0x00000000eab00000,0x00000000eab00000,0x00000000f2780000)
  from space 18944K, 99% used [0x00000000f2780000,0x00000000f39feaf8,0x00000000f3a00000)
  to   space 31232K, 0% used [0x00000000fc280000,0x00000000fc280000,0x00000000fe100000)
 ParOldGen       total 86016K, used 43828K [0x00000000c0000000, 0x00000000c5400000, 0x00000000eab00000)
  object space 86016K, 50% used [0x00000000c0000000,0x00000000c2acd0c8,0x00000000c5400000)
 Metaspace       used 6325K, capacity 7152K, committed 7296K, reserved 1056768K
  class space    used 591K, capacity 616K, committed 640K, reserved 1048576K
}
Event: 9,450 GC heap before
{Heap before GC invocations=8 (full 0):
 PSYoungGen      total 146432K, used 146426K [0x00000000eab00000, 0x00000000fe100000, 0x0000000100000000)
  eden space 127488K, 100% used [0x00000000eab00000,0x00000000f2780000,0x00000000f2780000)
  from space 18944K, 99% used [0x00000000f2780000,0x00000000f39feaf8,0x00000000f3a00000)
  to   space 31232K, 0% used [0x00000000fc280000,0x00000000fc280000,0x00000000fe100000)
 ParOldGen       total 86016K, used 43828K [0x00000000c0000000, 0x00000000c5400000, 0x00000000eab00000)
  object space 86016K, 50% used [0x00000000c0000000,0x00000000c2acd0c8,0x00000000c5400000)
 Metaspace       used 6344K, capacity 7152K, committed 7296K, reserved 1056768K
  class space    used 592K, capacity 616K, committed 640K, reserved 1048576K
Event: 9,552 GC heap after
Heap after GC invocations=8 (full 0):
 PSYoungGen      total 282112K, used 28597K [0x00000000eab00000, 0x00000000fe900000, 0x0000000100000000)
  eden space 250880K, 0% used [0x00000000eab00000,0x00000000eab00000,0x00000000fa000000)
  from space 31232K, 91% used [0x00000000fc280000,0x00000000fde6d7e0,0x00000000fe100000)
  to   space 35328K, 0% used [0x00000000fa000000,0x00000000fa000000,0x00000000fc280000)
 ParOldGen       total 86016K, used 44916K [0x00000000c0000000, 0x00000000c5400000, 0x00000000eab00000)
  object space 86016K, 52% used [0x00000000c0000000,0x00000000c2bdd048,0x00000000c5400000)
 Metaspace       used 6344K, capacity 7152K, committed 7296K, reserved 1056768K
  class space    used 592K, capacity 616K, committed 640K, reserved 1048576K
}
Event: 11,945 GC heap before
{Heap before GC invocations=9 (full 0):
 PSYoungGen      total 282112K, used 279477K [0x00000000eab00000, 0x00000000fe900000, 0x0000000100000000)
  eden space 250880K, 100% used [0x00000000eab00000,0x00000000fa000000,0x00000000fa000000)
  from space 31232K, 91% used [0x00000000fc280000,0x00000000fde6d7e0,0x00000000fe100000)
  to   space 35328K, 0% used [0x00000000fa000000,0x00000000fa000000,0x00000000fc280000)
 ParOldGen       total 86016K, used 44916K [0x00000000c0000000, 0x00000000c5400000, 0x00000000eab00000)
  object space 86016K, 52% used [0x00000000c0000000,0x00000000c2bdd048,0x00000000c5400000)
 Metaspace       used 6444K, capacity 7216K, committed 7296K, reserved 1056768K
  class space    used 592K, capacity 616K, committed 640K, reserved 1048576K
Event: 12,105 GC heap after
Heap after GC invocations=9 (full 0):
 PSYoungGen      total 286208K, used 35306K [0x00000000eab00000, 0x0000000100000000, 0x0000000100000000)
  eden space 250880K, 0% used [0x00000000eab00000,0x00000000eab00000,0x00000000fa000000)
  from space 35328K, 99% used [0x00000000fa000000,0x00000000fc27aba8,0x00000000fc280000)
  to   space 61952K, 0% used [0x00000000fc380000,0x00000000fc380000,0x0000000100000000)
 ParOldGen       total 97280K, used 96907K [0x00000000c0000000, 0x00000000c5f00000, 0x00000000eab00000)
  object space 97280K, 99% used [0x00000000c0000000,0x00000000c5ea2ee0,0x00000000c5f00000)
 Metaspace       used 6444K, capacity 7216K, committed 7296K, reserved 1056768K
  class space    used 592K, capacity 616K, committed 640K, reserved 1048576K
}
Event: 12,105 GC heap before
{Heap before GC invocations=10 (full 1):
 PSYoungGen      total 286208K, used 35306K [0x00000000eab00000, 0x0000000100000000, 0x0000000100000000)
  eden space 250880K, 0% used [0x00000000eab00000,0x00000000eab00000,0x00000000fa000000)
  from space 35328K, 99% used [0x00000000fa000000,0x00000000fc27aba8,0x00000000fc280000)
  to   space 61952K, 0% used [0x00000000fc380000,0x00000000fc380000,0x0000000100000000)
 ParOldGen       total 97280K, used 96907K [0x00000000c0000000, 0x00000000c5f00000, 0x00000000eab00000)
  object space 97280K, 99% used [0x00000000c0000000,0x00000000c5ea2ee0,0x00000000c5f00000)
 Metaspace       used 6444K, capacity 7216K, committed 7296K, reserved 1056768K
  class space    used 592K, capacity 616K, committed 640K, reserved 1048576K
Event: 12,947 GC heap after
Heap after GC invocations=10 (full 1):
 PSYoungGen      total 286208K, used 20907K [0x00000000eab00000, 0x0000000100000000, 0x0000000100000000)
  eden space 250880K, 0% used [0x00000000eab00000,0x00000000eab00000,0x00000000fa000000)
  from space 35328K, 59% used [0x00000000fa000000,0x00000000fb46ada0,0x00000000fc280000)
  to   space 61952K, 0% used [0x00000000fc380000,0x00000000fc380000,0x0000000100000000)
 ParOldGen       total 178176K, used 97234K [0x00000000c0000000, 0x00000000cae00000, 0x00000000eab00000)
  object space 178176K, 54% used [0x00000000c0000000,0x00000000c5ef4848,0x00000000cae00000)
 Metaspace       used 6444K, capacity 7216K, committed 7296K, reserved 1056768K
  class space    used 592K, capacity 616K, committed 640K, reserved 1048576K
}
Event: 13,169 GC heap before
{Heap before GC invocations=11 (full 1):
 PSYoungGen      total 286208K, used 271787K [0x00000000eab00000, 0x0000000100000000, 0x0000000100000000)
  eden space 250880K, 100% used [0x00000000eab00000,0x00000000fa000000,0x00000000fa000000)
  from space 35328K, 59% used [0x00000000fa000000,0x00000000fb46ada0,0x00000000fc280000)
  to   space 61952K, 0% used [0x00000000fc380000,0x00000000fc380000,0x0000000100000000)
 ParOldGen       total 178176K, used 97234K [0x00000000c0000000, 0x00000000cae00000, 0x00000000eab00000)
  object space 178176K, 54% used [0x00000000c0000000,0x00000000c5ef4848,0x00000000cae00000)
 Metaspace       used 6446K, capacity 7216K, committed 7296K, reserved 1056768K
  class space    used 592K, capacity 616K, committed 640K, reserved 1048576K
Event: 14,946 GC heap after
Heap after GC invocations=11 (full 1):
 PSYoungGen      total 203264K, used 61925K [0x00000000eab00000, 0x0000000100000000, 0x0000000100000000)
  eden space 141312K, 0% used [0x00000000eab00000,0x00000000eab00000,0x00000000f3500000)
  from space 61952K, 99% used [0x00000000fc380000,0x00000000ffff96d8,0x0000000100000000)
  to   space 103936K, 0% used [0x00000000f3500000,0x00000000f3500000,0x00000000f9a80000)
 ParOldGen       total 184320K, used 182895K [0x00000000c0000000, 0x00000000cb400000, 0x00000000eab00000)
  object space 184320K, 99% used [0x00000000c0000000,0x00000000cb29bf80,0x00000000cb400000)
 Metaspace       used 6446K, capacity 7216K, committed 7296K, reserved 1056768K
  class space    used 592K, capacity 616K, committed 640K, reserved 1048576K
}
Event: 15,049 GC heap before
{Heap before GC invocations=12 (full 2):
 PSYoungGen      total 203264K, used 61925K [0x00000000eab00000, 0x0000000100000000, 0x0000000100000000)
  eden space 141312K, 0% used [0x00000000eab00000,0x00000000eab00000,0x00000000f3500000)
  from space 61952K, 99% used [0x00000000fc380000,0x00000000ffff96d8,0x0000000100000000)
  to   space 103936K, 0% used [0x00000000f3500000,0x00000000f3500000,0x00000000f9a80000)
 ParOldGen       total 184320K, used 182895K [0x00000000c0000000, 0x00000000cb400000, 0x00000000eab00000)
  object space 184320K, 99% used [0x00000000c0000000,0x00000000cb29bf80,0x00000000cb400000)
 Metaspace       used 6446K, capacity 7216K, committed 7296K, reserved 1056768K
  class space    used 592K, capacity 616K, committed 640K, reserved 1048576K

