# JRE version: OpenJDK Runtime Environment (8.0_112-b06) (build 1.8.0_112-release-b06)
# Java VM: OpenJDK 64-Bit Server VM (25.112-b06 mixed mode linux-amd64 compressed oops)
Heap:
 PSYoungGen      total 177152K, used 6067K [0x00000000eab00000, 0x0000000100000000, 0x0000000100000000)
  eden space 118784K, 0% used [0x00000000eab00000,0x00000000eab00000,0x00000000f1f00000)
  from space 58368K, 10% used [0x00000000fc700000,0x00000000fccecec0,0x0000000100000000)
  to   space 115200K, 0% used [0x00000000f1f00000,0x00000000f1f00000,0x00000000f8f80000)
 ParOldGen       total 189952K, used 189846K [0x00000000c0000000, 0x00000000cb980000, 0x00000000eab00000)
  object space 189952K, 99% used [0x00000000c0000000,0x00000000cb965b40,0x00000000cb980000)
 Metaspace       used 6452K, capacity 7216K, committed 7296K, reserved 1056768K
  class space    used 592K, capacity 616K, committed 640K, reserved 1048576K
GC Heap History (10 events):
Event: 4,648 GC heap after
Heap after GC invocations=5 (full 0):
 PSYoungGen      total 136192K, used 5114K [0x00000000eab00000, 0x00000000fe300000, 0x0000000100000000)
  eden space 131072K, 0% used [0x00000000eab00000,0x00000000eab00000,0x00000000f2b00000)
  from space 5120K, 99% used [0x00000000f2b00000,0x00000000f2ffe838,0x00000000f3000000)
  to   space 28672K, 0% used [0x00000000fc700000,0x00000000fc700000,0x00000000fe300000)
 ParOldGen       total 86016K, used 45462K [0x00000000c0000000, 0x00000000c5400000, 0x00000000eab00000)
  object space 86016K, 52% used [0x00000000c0000000,0x00000000c2c65bd8,0x00000000c5400000)
 Metaspace       used 6284K, capacity 7152K, committed 7296K, reserved 1056768K
  class space    used 591K, capacity 616K, committed 640K, reserved 1048576K
}
Event: 7,464 GC heap before
{Heap before GC invocations=6 (full 0):
 PSYoungGen      total 136192K, used 136186K [0x00000000eab00000, 0x00000000fe300000, 0x0000000100000000)
  eden space 131072K, 100% used [0x00000000eab00000,0x00000000f2b00000,0x00000000f2b00000)
  from space 5120K, 99% used [0x00000000f2b00000,0x00000000f2ffe838,0x00000000f3000000)
  to   space 28672K, 0% used [0x00000000fc700000,0x00000000fc700000,0x00000000fe300000)
 ParOldGen       total 86016K, used 45462K [0x00000000c0000000, 0x00000000c5400000, 0x00000000eab00000)
  object space 86016K, 52% used [0x00000000c0000000,0x00000000c2c65bd8,0x00000000c5400000)
 Metaspace       used 6328K, capacity 7152K, committed 7296K, reserved 1056768K
  class space    used 592K, capacity 616K, committed 640K, reserved 1048576K
Event: 7,590 GC heap after
Heap after GC invocations=6 (full 0):
 PSYoungGen      total 270336K, used 28645K [0x00000000eab00000, 0x0000000100000000, 0x0000000100000000)
  eden space 241664K, 0% used [0x00000000eab00000,0x00000000eab00000,0x00000000f9700000)
  from space 28672K, 99% used [0x00000000fc700000,0x00000000fe2f9748,0x00000000fe300000)
  to   space 49152K, 0% used [0x00000000f9700000,0x00000000f9700000,0x00000000fc700000)
 ParOldGen       total 86016K, used 71557K [0x00000000c0000000, 0x00000000c5400000, 0x00000000eab00000)
  object space 86016K, 83% used [0x00000000c0000000,0x00000000c45e1640,0x00000000c5400000)
 Metaspace       used 6328K, capacity 7152K, committed 7296K, reserved 1056768K
  class space    used 592K, capacity 616K, committed 640K, reserved 1048576K
}
Event: 7,590 GC heap before
{Heap before GC invocations=7 (full 1):
 PSYoungGen      total 270336K, used 28645K [0x00000000eab00000, 0x0000000100000000, 0x0000000100000000)
  eden space 241664K, 0% used [0x00000000eab00000,0x00000000eab00000,0x00000000f9700000)
  from space 28672K, 99% used [0x00000000fc700000,0x00000000fe2f9748,0x00000000fe300000)
  to   space 49152K, 0% used [0x00000000f9700000,0x00000000f9700000,0x00000000fc700000)
 ParOldGen       total 86016K, used 71557K [0x00000000c0000000, 0x00000000c5400000, 0x00000000eab00000)
  object space 86016K, 83% used [0x00000000c0000000,0x00000000c45e1640,0x00000000c5400000)
 Metaspace       used 6328K, capacity 7152K, committed 7296K, reserved 1056768K
  class space    used 592K, capacity 616K, committed 640K, reserved 1048576K
Event: 8,127 GC heap after
Heap after GC invocations=7 (full 1):
 PSYoungGen      total 270336K, used 0K [0x00000000eab00000, 0x0000000100000000, 0x0000000100000000)
  eden space 241664K, 0% used [0x00000000eab00000,0x00000000eab00000,0x00000000f9700000)
  from space 28672K, 0% used [0x00000000fc700000,0x00000000fc700000,0x00000000fe300000)
  to   space 49152K, 0% used [0x00000000f9700000,0x00000000f9700000,0x00000000fc700000)
 ParOldGen       total 166400K, used 85013K [0x00000000c0000000, 0x00000000ca280000, 0x00000000eab00000)
  object space 166400K, 51% used [0x00000000c0000000,0x00000000c53056e8,0x00000000ca280000)
 Metaspace       used 6328K, capacity 7152K, committed 7296K, reserved 1056768K
  class space    used 592K, capacity 616K, committed 640K, reserved 1048576K
}
Event: 10,216 GC heap before
{Heap before GC invocations=8 (full 1):
 PSYoungGen      total 270336K, used 241664K [0x00000000eab00000, 0x0000000100000000, 0x0000000100000000)
  eden space 241664K, 100% used [0x00000000eab00000,0x00000000f9700000,0x00000000f9700000)
  from space 28672K, 0% used [0x00000000fc700000,0x00000000fc700000,0x00000000fe300000)
  to   space 49152K, 0% used [0x00000000f9700000,0x00000000f9700000,0x00000000fc700000)
 ParOldGen       total 166400K, used 85013K [0x00000000c0000000, 0x00000000ca280000, 0x00000000eab00000)
  object space 166400K, 51% used [0x00000000c0000000,0x00000000c53056e8,0x00000000ca280000)
 Metaspace       used 6442K, capacity 7216K, committed 7296K, reserved 1056768K
  class space    used 592K, capacity 616K, committed 640K, reserved 1048576K
Event: 10,286 GC heap after
Heap after GC invocations=8 (full 1):
 PSYoungGen      total 290816K, used 49121K [0x00000000eab00000, 0x0000000100000000, 0x0000000100000000)
  eden space 241664K, 0% used [0x00000000eab00000,0x00000000eab00000,0x00000000f9700000)
  from space 49152K, 99% used [0x00000000f9700000,0x00000000fc6f8628,0x00000000fc700000)
  to   space 58368K, 0% used [0x00000000fc700000,0x00000000fc700000,0x0000000100000000)
 ParOldGen       total 166400K, used 88131K [0x00000000c0000000, 0x00000000ca280000, 0x00000000eab00000)
  object space 166400K, 52% used [0x00000000c0000000,0x00000000c5610d38,0x00000000ca280000)
 Metaspace       used 6442K, capacity 7216K, committed 7296K, reserved 1056768K
  class space    used 592K, capacity 616K, committed 640K, reserved 1048576K
}
Event: 11,031 GC heap before
{Heap before GC invocations=9 (full 1):
 PSYoungGen      total 290816K, used 290785K [0x00000000eab00000, 0x0000000100000000, 0x0000000100000000)
  eden space 241664K, 100% used [0x00000000eab00000,0x00000000f9700000,0x00000000f9700000)
  from space 49152K, 99% used [0x00000000f9700000,0x00000000fc6f8628,0x00000000fc700000)
  to   space 58368K, 0% used [0x00000000fc700000,0x00000000fc700000,0x0000000100000000)
 ParOldGen       total 166400K, used 88131K [0x00000000c0000000, 0x00000000ca280000, 0x00000000eab00000)
  object space 166400K, 52% used [0x00000000c0000000,0x00000000c5610d38,0x00000000ca280000)
 Metaspace       used 6452K, capacity 7216K, committed 7296K, reserved 1056768K
  class space    used 592K, capacity 616K, committed 640K, reserved 1048576K
Event: 11,320 GC heap after
Heap after GC invocations=9 (full 1):
 PSYoungGen      total 177152K, used 58346K [0x00000000eab00000, 0x0000000100000000, 0x0000000100000000)
  eden space 118784K, 0% used [0x00000000eab00000,0x00000000eab00000,0x00000000f1f00000)
  from space 58368K, 99% used [0x00000000fc700000,0x00000000ffffa8e0,0x0000000100000000)
  to   space 115200K, 0% used [0x00000000f1f00000,0x00000000f1f00000,0x00000000f8f80000)
 ParOldGen       total 189952K, used 188844K [0x00000000c0000000, 0x00000000cb980000, 0x00000000eab00000)
  object space 189952K, 99% used [0x00000000c0000000,0x00000000cb86b3d0,0x00000000cb980000)
 Metaspace       used 6452K, capacity 7216K, committed 7296K, reserved 1056768K
  class space    used 592K, capacity 616K, committed 640K, reserved 1048576K
}
Event: 11,320 GC heap before
{Heap before GC invocations=10 (full 2):
 PSYoungGen      total 177152K, used 58346K [0x00000000eab00000, 0x0000000100000000, 0x0000000100000000)
  eden space 118784K, 0% used [0x00000000eab00000,0x00000000eab00000,0x00000000f1f00000)
  from space 58368K, 99% used [0x00000000fc700000,0x00000000ffffa8e0,0x0000000100000000)
  to   space 115200K, 0% used [0x00000000f1f00000,0x00000000f1f00000,0x00000000f8f80000)
 ParOldGen       total 189952K, used 188844K [0x00000000c0000000, 0x00000000cb980000, 0x00000000eab00000)
  object space 189952K, 99% used [0x00000000c0000000,0x00000000cb86b3d0,0x00000000cb980000)
 Metaspace       used 6452K, capacity 7216K, committed 7296K, reserved 1056768K
  class space    used 592K, capacity 616K, committed 640K, reserved 1048576K

