# JRE version: OpenJDK Runtime Environment (8.0_112-b06) (build 1.8.0_112-release-b06)
# Java VM: OpenJDK 64-Bit Server VM (25.112-b06 mixed mode linux-amd64 compressed oops)
Heap:
 PSYoungGen      total 187904K, used 2731K [0x00000000eab00000, 0x0000000100000000, 0x0000000100000000)
  eden space 129024K, 0% used [0x00000000eab00000,0x00000000eab00000,0x00000000f2900000)
  from space 58880K, 4% used [0x00000000fc680000,0x00000000fc92afb8,0x0000000100000000)
  to   space 110080K, 0% used [0x00000000f2900000,0x00000000f2900000,0x00000000f9480000)
 ParOldGen       total 169472K, used 169368K [0x00000000c0000000, 0x00000000ca580000, 0x00000000eab00000)
  object space 169472K, 99% used [0x00000000c0000000,0x00000000ca566320,0x00000000ca580000)
 Metaspace       used 6455K, capacity 7216K, committed 7296K, reserved 1056768K
  class space    used 593K, capacity 616K, committed 640K, reserved 1048576K
GC Heap History (10 events):
Event: 6,816 GC heap after
Heap after GC invocations=7 (full 0):
 PSYoungGen      total 146432K, used 17399K [0x00000000eab00000, 0x00000000fe600000, 0x0000000100000000)
  eden space 129024K, 0% used [0x00000000eab00000,0x00000000eab00000,0x00000000f2900000)
  from space 17408K, 99% used [0x00000000f2900000,0x00000000f39fdc88,0x00000000f3a00000)
  to   space 32256K, 0% used [0x00000000fc680000,0x00000000fc680000,0x00000000fe600000)
 ParOldGen       total 86016K, used 47178K [0x00000000c0000000, 0x00000000c5400000, 0x00000000eab00000)
  object space 86016K, 54% used [0x00000000c0000000,0x00000000c2e12a90,0x00000000c5400000)
 Metaspace       used 6325K, capacity 7152K, committed 7296K, reserved 1056768K
  class space    used 592K, capacity 616K, committed 640K, reserved 1048576K
}
Event: 7,356 GC heap before
{Heap before GC invocations=8 (full 0):
 PSYoungGen      total 146432K, used 146423K [0x00000000eab00000, 0x00000000fe600000, 0x0000000100000000)
  eden space 129024K, 100% used [0x00000000eab00000,0x00000000f2900000,0x00000000f2900000)
  from space 17408K, 99% used [0x00000000f2900000,0x00000000f39fdc88,0x00000000f3a00000)
  to   space 32256K, 0% used [0x00000000fc680000,0x00000000fc680000,0x00000000fe600000)
 ParOldGen       total 86016K, used 47178K [0x00000000c0000000, 0x00000000c5400000, 0x00000000eab00000)
  object space 86016K, 54% used [0x00000000c0000000,0x00000000c2e12a90,0x00000000c5400000)
 Metaspace       used 6337K, capacity 7152K, committed 7296K, reserved 1056768K
  class space    used 593K, capacity 616K, committed 640K, reserved 1048576K
Event: 7,424 GC heap after
Heap after GC invocations=8 (full 0):
 PSYoungGen      total 269312K, used 32241K [0x00000000eab00000, 0x0000000100000000, 0x0000000100000000)
  eden space 237056K, 0% used [0x00000000eab00000,0x00000000eab00000,0x00000000f9280000)
  from space 32256K, 99% used [0x00000000fc680000,0x00000000fe5fc770,0x00000000fe600000)
  to   space 53248K, 0% used [0x00000000f9280000,0x00000000f9280000,0x00000000fc680000)
 ParOldGen       total 86016K, used 82374K [0x00000000c0000000, 0x00000000c5400000, 0x00000000eab00000)
  object space 86016K, 95% used [0x00000000c0000000,0x00000000c5071858,0x00000000c5400000)
 Metaspace       used 6337K, capacity 7152K, committed 7296K, reserved 1056768K
  class space    used 593K, capacity 616K, committed 640K, reserved 1048576K
}
Event: 7,424 GC heap before
{Heap before GC invocations=9 (full 1):
 PSYoungGen      total 269312K, used 32241K [0x00000000eab00000, 0x0000000100000000, 0x0000000100000000)
  eden space 237056K, 0% used [0x00000000eab00000,0x00000000eab00000,0x00000000f9280000)
  from space 32256K, 99% used [0x00000000fc680000,0x00000000fe5fc770,0x00000000fe600000)
  to   space 53248K, 0% used [0x00000000f9280000,0x00000000f9280000,0x00000000fc680000)
 ParOldGen       total 86016K, used 82374K [0x00000000c0000000, 0x00000000c5400000, 0x00000000eab00000)
  object space 86016K, 95% used [0x00000000c0000000,0x00000000c5071858,0x00000000c5400000)
 Metaspace       used 6337K, capacity 7152K, committed 7296K, reserved 1056768K
  class space    used 593K, capacity 616K, committed 640K, reserved 1048576K
Event: 7,716 GC heap after
Heap after GC invocations=9 (full 1):
 PSYoungGen      total 269312K, used 0K [0x00000000eab00000, 0x0000000100000000, 0x0000000100000000)
  eden space 237056K, 0% used [0x00000000eab00000,0x00000000eab00000,0x00000000f9280000)
  from space 32256K, 0% used [0x00000000fc680000,0x00000000fc680000,0x00000000fe600000)
  to   space 53248K, 0% used [0x00000000f9280000,0x00000000f9280000,0x00000000fc680000)
 ParOldGen       total 136192K, used 62425K [0x00000000c0000000, 0x00000000c8500000, 0x00000000eab00000)
  object space 136192K, 45% used [0x00000000c0000000,0x00000000c3cf6538,0x00000000c8500000)
 Metaspace       used 6337K, capacity 7152K, committed 7296K, reserved 1056768K
  class space    used 593K, capacity 616K, committed 640K, reserved 1048576K
}
Event: 9,047 GC heap before
{Heap before GC invocations=10 (full 1):
 PSYoungGen      total 269312K, used 237056K [0x00000000eab00000, 0x0000000100000000, 0x0000000100000000)
  eden space 237056K, 100% used [0x00000000eab00000,0x00000000f9280000,0x00000000f9280000)
  from space 32256K, 0% used [0x00000000fc680000,0x00000000fc680000,0x00000000fe600000)
  to   space 53248K, 0% used [0x00000000f9280000,0x00000000f9280000,0x00000000fc680000)
 ParOldGen       total 136192K, used 62425K [0x00000000c0000000, 0x00000000c8500000, 0x00000000eab00000)
  object space 136192K, 45% used [0x00000000c0000000,0x00000000c3cf6538,0x00000000c8500000)
 Metaspace       used 6447K, capacity 7216K, committed 7296K, reserved 1056768K
  class space    used 593K, capacity 616K, committed 640K, reserved 1048576K
Event: 9,127 GC heap after
Heap after GC invocations=10 (full 1):
 PSYoungGen      total 290304K, used 53220K [0x00000000eab00000, 0x0000000100000000, 0x0000000100000000)
  eden space 237056K, 0% used [0x00000000eab00000,0x00000000eab00000,0x00000000f9280000)
  from space 53248K, 99% used [0x00000000f9280000,0x00000000fc679290,0x00000000fc680000)
  to   space 58880K, 0% used [0x00000000fc680000,0x00000000fc680000,0x0000000100000000)
 ParOldGen       total 136192K, used 80786K [0x00000000c0000000, 0x00000000c8500000, 0x00000000eab00000)
  object space 136192K, 59% used [0x00000000c0000000,0x00000000c4ee4bb0,0x00000000c8500000)
 Metaspace       used 6447K, capacity 7216K, committed 7296K, reserved 1056768K
  class space    used 593K, capacity 616K, committed 640K, reserved 1048576K
}
Event: 9,774 GC heap before
{Heap before GC invocations=11 (full 1):
 PSYoungGen      total 290304K, used 290276K [0x00000000eab00000, 0x0000000100000000, 0x0000000100000000)
  eden space 237056K, 100% used [0x00000000eab00000,0x00000000f9280000,0x00000000f9280000)
  from space 53248K, 99% used [0x00000000f9280000,0x00000000fc679290,0x00000000fc680000)
  to   space 58880K, 0% used [0x00000000fc680000,0x00000000fc680000,0x0000000100000000)
 ParOldGen       total 136192K, used 80786K [0x00000000c0000000, 0x00000000c8500000, 0x00000000eab00000)
  object space 136192K, 59% used [0x00000000c0000000,0x00000000c4ee4bb0,0x00000000c8500000)
 Metaspace       used 6455K, capacity 7216K, committed 7296K, reserved 1056768K
  class space    used 593K, capacity 616K, committed 640K, reserved 1048576K
Event: 9,929 GC heap after
Heap after GC invocations=11 (full 1):
 PSYoungGen      total 187904K, used 58857K [0x00000000eab00000, 0x0000000100000000, 0x0000000100000000)
  eden space 129024K, 0% used [0x00000000eab00000,0x00000000eab00000,0x00000000f2900000)
  from space 58880K, 99% used [0x00000000fc680000,0x00000000ffffa568,0x0000000100000000)
  to   space 110080K, 0% used [0x00000000f2900000,0x00000000f2900000,0x00000000f9480000)
 ParOldGen       total 169472K, used 168481K [0x00000000c0000000, 0x00000000ca580000, 0x00000000eab00000)
  object space 169472K, 99% used [0x00000000c0000000,0x00000000ca488650,0x00000000ca580000)
 Metaspace       used 6455K, capacity 7216K, committed 7296K, reserved 1056768K
  class space    used 593K, capacity 616K, committed 640K, reserved 1048576K
}
Event: 9,929 GC heap before
{Heap before GC invocations=12 (full 2):
 PSYoungGen      total 187904K, used 58857K [0x00000000eab00000, 0x0000000100000000, 0x0000000100000000)
  eden space 129024K, 0% used [0x00000000eab00000,0x00000000eab00000,0x00000000f2900000)
  from space 58880K, 99% used [0x00000000fc680000,0x00000000ffffa568,0x0000000100000000)
  to   space 110080K, 0% used [0x00000000f2900000,0x00000000f2900000,0x00000000f9480000)
 ParOldGen       total 169472K, used 168481K [0x00000000c0000000, 0x00000000ca580000, 0x00000000eab00000)
  object space 169472K, 99% used [0x00000000c0000000,0x00000000ca488650,0x00000000ca580000)
 Metaspace       used 6455K, capacity 7216K, committed 7296K, reserved 1056768K
  class space    used 593K, capacity 616K, committed 640K, reserved 1048576K

