# JRE version: OpenJDK Runtime Environment (8.0_112-b06) (build 1.8.0_112-release-b06)
# Java VM: OpenJDK 64-Bit Server VM (25.112-b06 mixed mode linux-amd64 compressed oops)
Heap:
 PSYoungGen      total 232960K, used 0K [0x00000000eab00000, 0x0000000100000000, 0x0000000100000000)
  eden space 116736K, 0% used [0x00000000eab00000,0x00000000eab00000,0x00000000f1d00000)
  from space 116224K, 0% used [0x00000000f8e80000,0x00000000f8e80000,0x0000000100000000)
  to   space 116224K, 0% used [0x00000000f1d00000,0x00000000f1d00000,0x00000000f8e80000)
 ParOldGen       total 316928K, used 186866K [0x00000000c0000000, 0x00000000d3580000, 0x00000000eab00000)
  object space 316928K, 58% used [0x00000000c0000000,0x00000000cb67cb50,0x00000000d3580000)
 Metaspace       used 6485K, capacity 7216K, committed 7296K, reserved 1056768K
  class space    used 596K, capacity 616K, committed 640K, reserved 1048576K
GC Heap History (10 events):
Event: 14,099 GC heap after
Heap after GC invocations=15 (full 3):
 PSYoungGen      total 232960K, used 43747K [0x00000000eab00000, 0x0000000100000000, 0x0000000100000000)
  eden space 116736K, 0% used [0x00000000eab00000,0x00000000eab00000,0x00000000f1d00000)
  from space 116224K, 37% used [0x00000000f8e80000,0x00000000fb938db8,0x0000000100000000)
  to   space 116224K, 0% used [0x00000000f1d00000,0x00000000f1d00000,0x00000000f8e80000)
 ParOldGen       total 316928K, used 126451K [0x00000000c0000000, 0x00000000d3580000, 0x00000000eab00000)
  object space 316928K, 39% used [0x00000000c0000000,0x00000000c7b7ccc0,0x00000000d3580000)
 Metaspace       used 6477K, capacity 7216K, committed 7296K, reserved 1056768K
  class space    used 594K, capacity 616K, committed 640K, reserved 1048576K
}
Event: 14,236 GC heap before
{Heap before GC invocations=16 (full 3):
 PSYoungGen      total 232960K, used 160483K [0x00000000eab00000, 0x0000000100000000, 0x0000000100000000)
  eden space 116736K, 100% used [0x00000000eab00000,0x00000000f1d00000,0x00000000f1d00000)
  from space 116224K, 37% used [0x00000000f8e80000,0x00000000fb938db8,0x0000000100000000)
  to   space 116224K, 0% used [0x00000000f1d00000,0x00000000f1d00000,0x00000000f8e80000)
 ParOldGen       total 316928K, used 126451K [0x00000000c0000000, 0x00000000d3580000, 0x00000000eab00000)
  object space 316928K, 39% used [0x00000000c0000000,0x00000000c7b7ccc0,0x00000000d3580000)
 Metaspace       used 6477K, capacity 7216K, committed 7296K, reserved 1056768K
  class space    used 594K, capacity 616K, committed 640K, reserved 1048576K
Event: 14,291 GC heap after
Heap after GC invocations=16 (full 3):
 PSYoungGen      total 232960K, used 58822K [0x00000000eab00000, 0x0000000100000000, 0x0000000100000000)
  eden space 116736K, 0% used [0x00000000eab00000,0x00000000eab00000,0x00000000f1d00000)
  from space 116224K, 50% used [0x00000000f1d00000,0x00000000f5671ad0,0x00000000f8e80000)
  to   space 116224K, 0% used [0x00000000f8e80000,0x00000000f8e80000,0x0000000100000000)
 ParOldGen       total 316928K, used 171134K [0x00000000c0000000, 0x00000000d3580000, 0x00000000eab00000)
  object space 316928K, 53% used [0x00000000c0000000,0x00000000ca71fa88,0x00000000d3580000)
 Metaspace       used 6477K, capacity 7216K, committed 7296K, reserved 1056768K
  class space    used 594K, capacity 616K, committed 640K, reserved 1048576K
}
Event: 14,583 GC heap before
{Heap before GC invocations=17 (full 3):
 PSYoungGen      total 232960K, used 175558K [0x00000000eab00000, 0x0000000100000000, 0x0000000100000000)
  eden space 116736K, 100% used [0x00000000eab00000,0x00000000f1d00000,0x00000000f1d00000)
  from space 116224K, 50% used [0x00000000f1d00000,0x00000000f5671ad0,0x00000000f8e80000)
  to   space 116224K, 0% used [0x00000000f8e80000,0x00000000f8e80000,0x0000000100000000)
 ParOldGen       total 316928K, used 171134K [0x00000000c0000000, 0x00000000d3580000, 0x00000000eab00000)
  object space 316928K, 53% used [0x00000000c0000000,0x00000000ca71fa88,0x00000000d3580000)
 Metaspace       used 6484K, capacity 7216K, committed 7296K, reserved 1056768K
  class space    used 596K, capacity 616K, committed 640K, reserved 1048576K
Event: 14,637 GC heap after
Heap after GC invocations=17 (full 3):
 PSYoungGen      total 225792K, used 37177K [0x00000000eab00000, 0x00000000ff900000, 0x0000000100000000)
  eden space 116736K, 0% used [0x00000000eab00000,0x00000000eab00000,0x00000000f1d00000)
  from space 109056K, 34% used [0x00000000f8e80000,0x00000000fb2ce510,0x00000000ff900000)
  to   space 112640K, 0% used [0x00000000f1d00000,0x00000000f1d00000,0x00000000f8b00000)
 ParOldGen       total 316928K, used 230168K [0x00000000c0000000, 0x00000000d3580000, 0x00000000eab00000)
  object space 316928K, 72% used [0x00000000c0000000,0x00000000ce0c6200,0x00000000d3580000)
 Metaspace       used 6484K, capacity 7216K, committed 7296K, reserved 1056768K
  class space    used 596K, capacity 616K, committed 640K, reserved 1048576K
}
Event: 15,033 GC heap before
{Heap before GC invocations=18 (full 3):
 PSYoungGen      total 225792K, used 153913K [0x00000000eab00000, 0x00000000ff900000, 0x0000000100000000)
  eden space 116736K, 100% used [0x00000000eab00000,0x00000000f1d00000,0x00000000f1d00000)
  from space 109056K, 34% used [0x00000000f8e80000,0x00000000fb2ce510,0x00000000ff900000)
  to   space 112640K, 0% used [0x00000000f1d00000,0x00000000f1d00000,0x00000000f8b00000)
 ParOldGen       total 316928K, used 230168K [0x00000000c0000000, 0x00000000d3580000, 0x00000000eab00000)
  object space 316928K, 72% used [0x00000000c0000000,0x00000000ce0c6200,0x00000000d3580000)
 Metaspace       used 6485K, capacity 7216K, committed 7296K, reserved 1056768K
  class space    used 596K, capacity 616K, committed 640K, reserved 1048576K
Event: 15,106 GC heap after
Heap after GC invocations=18 (full 3):
 PSYoungGen      total 229376K, used 88625K [0x00000000eab00000, 0x0000000100000000, 0x0000000100000000)
  eden space 116736K, 0% used [0x00000000eab00000,0x00000000eab00000,0x00000000f1d00000)
  from space 112640K, 78% used [0x00000000f1d00000,0x00000000f738c5d8,0x00000000f8b00000)
  to   space 116224K, 0% used [0x00000000f8e80000,0x00000000f8e80000,0x0000000100000000)
 ParOldGen       total 316928K, used 230168K [0x00000000c0000000, 0x00000000d3580000, 0x00000000eab00000)
  object space 316928K, 72% used [0x00000000c0000000,0x00000000ce0c6200,0x00000000d3580000)
 Metaspace       used 6485K, capacity 7216K, committed 7296K, reserved 1056768K
  class space    used 596K, capacity 616K, committed 640K, reserved 1048576K
}
Event: 15,355 GC heap before
{Heap before GC invocations=19 (full 3):
 PSYoungGen      total 229376K, used 205361K [0x00000000eab00000, 0x0000000100000000, 0x0000000100000000)
  eden space 116736K, 100% used [0x00000000eab00000,0x00000000f1d00000,0x00000000f1d00000)
  from space 112640K, 78% used [0x00000000f1d00000,0x00000000f738c5d8,0x00000000f8b00000)
  to   space 116224K, 0% used [0x00000000f8e80000,0x00000000f8e80000,0x0000000100000000)
 ParOldGen       total 316928K, used 230168K [0x00000000c0000000, 0x00000000d3580000, 0x00000000eab00000)
  object space 316928K, 72% used [0x00000000c0000000,0x00000000ce0c6200,0x00000000d3580000)
 Metaspace       used 6485K, capacity 7216K, committed 7296K, reserved 1056768K
  class space    used 596K, capacity 616K, committed 640K, reserved 1048576K
Event: 15,438 GC heap after
Heap after GC invocations=19 (full 3):
 PSYoungGen      total 232960K, used 42514K [0x00000000eab00000, 0x0000000100000000, 0x0000000100000000)
  eden space 116736K, 0% used [0x00000000eab00000,0x00000000eab00000,0x00000000f1d00000)
  from space 116224K, 36% used [0x00000000f8e80000,0x00000000fb804920,0x0000000100000000)
  to   space 116224K, 0% used [0x00000000f1d00000,0x00000000f1d00000,0x00000000f8e80000)
 ParOldGen       total 316928K, used 283628K [0x00000000c0000000, 0x00000000d3580000, 0x00000000eab00000)
  object space 316928K, 89% used [0x00000000c0000000,0x00000000d14fb0d0,0x00000000d3580000)
 Metaspace       used 6485K, capacity 7216K, committed 7296K, reserved 1056768K
  class space    used 596K, capacity 616K, committed 640K, reserved 1048576K
}
Event: 15,438 GC heap before
{Heap before GC invocations=20 (full 4):
 PSYoungGen      total 232960K, used 42514K [0x00000000eab00000, 0x0000000100000000, 0x0000000100000000)
  eden space 116736K, 0% used [0x00000000eab00000,0x00000000eab00000,0x00000000f1d00000)
  from space 116224K, 36% used [0x00000000f8e80000,0x00000000fb804920,0x0000000100000000)
  to   space 116224K, 0% used [0x00000000f1d00000,0x00000000f1d00000,0x00000000f8e80000)
 ParOldGen       total 316928K, used 283628K [0x00000000c0000000, 0x00000000d3580000, 0x00000000eab00000)
  object space 316928K, 89% used [0x00000000c0000000,0x00000000d14fb0d0,0x00000000d3580000)
 Metaspace       used 6485K, capacity 7216K, committed 7296K, reserved 1056768K
  class space    used 596K, capacity 616K, committed 640K, reserved 1048576K

